{"/Users/seb/Dropbox/TechnoRadarFork/build-your-own-radar/src/graphing/radar.js":{"path":"/Users/seb/Dropbox/TechnoRadarFork/build-your-own-radar/src/graphing/radar.js","s":{"1":1,"2":1,"3":1,"4":1,"5":1,"6":1,"7":0,"8":0,"9":0,"10":0,"11":0,"12":0,"13":0,"14":0,"15":0,"16":0,"17":0,"18":0,"19":1,"20":0,"21":1,"22":0,"23":1,"24":0,"25":0,"26":0,"27":0,"28":0,"29":0,"30":0,"31":0,"32":0,"33":0,"34":1,"35":0,"36":0,"37":0,"38":0,"39":0,"40":1,"41":0,"42":0,"43":0,"44":0,"45":1,"46":0,"47":1,"48":0,"49":1,"50":0,"51":1,"52":0,"53":1,"54":0,"55":0,"56":0,"57":1,"58":0,"59":0,"60":0,"61":0,"62":0,"63":0,"64":0,"65":0,"66":0,"67":1,"68":0,"69":0,"70":1,"71":0,"72":0,"73":0,"74":0,"75":0,"76":0,"77":0,"78":0,"79":0,"80":0,"81":0,"82":0,"83":0,"84":0,"85":0,"86":0,"87":0,"88":0,"89":0,"90":0,"91":0,"92":0,"93":0,"94":0,"95":0,"96":0,"97":0,"98":0,"99":0,"100":0,"101":0,"102":0,"103":0,"104":0,"105":0,"106":0,"107":0,"108":0,"109":0,"110":0,"111":0,"112":0,"113":0,"114":0,"115":0,"116":0,"117":0,"118":0,"119":0,"120":0,"121":0,"122":0,"123":0,"124":0,"125":0,"126":0,"127":0,"128":0,"129":1,"130":0,"131":1,"132":0,"133":0,"134":1,"135":0,"136":1,"137":0,"138":0,"139":0,"140":0,"141":0,"142":0,"143":0,"144":0,"145":0,"146":0,"147":0,"148":0,"149":0,"150":0,"151":0,"152":0,"153":0,"154":0,"155":0,"156":0,"157":0,"158":0,"159":0,"160":1,"161":0,"162":0,"163":0,"164":0,"165":0,"166":0,"167":0,"168":0,"169":0,"170":1,"171":0,"172":0,"173":0,"174":1,"175":1,"176":0,"177":0,"178":0,"179":0,"180":0,"181":0,"182":0,"183":1,"184":0,"185":1,"186":0,"187":0,"188":1,"189":0,"190":1,"191":0,"192":0,"193":0,"194":0,"195":0,"196":0,"197":0,"198":0,"199":0,"200":0,"201":0,"202":0,"203":0,"204":0,"205":0,"206":0,"207":0,"208":0,"209":0,"210":0,"211":0,"212":0,"213":0,"214":0,"215":0,"216":0,"217":0,"218":0,"219":0,"220":0,"221":0,"222":0,"223":0,"224":0,"225":0,"226":0,"227":0,"228":0,"229":0,"230":0,"231":0,"232":0,"233":0,"234":0,"235":0,"236":0,"237":0,"238":1},"b":{"1":[0,0],"2":[0,0],"3":[0,0],"4":[0,0],"5":[0,0],"6":[0,0],"7":[0,0],"8":[0,0],"9":[0,0],"10":[0,0],"11":[0,0],"12":[0,0],"13":[0,0],"14":[0,0],"15":[0,0],"16":[0,0],"17":[0,0],"18":[0,0],"19":[0,0],"20":[0,0],"21":[0,0],"22":[0,0],"23":[0,0]},"f":{"1":0,"2":0,"3":0,"4":0,"5":0,"6":0,"7":0,"8":0,"9":0,"10":0,"11":0,"12":0,"13":0,"14":0,"15":0,"16":0,"17":0,"18":0,"19":0,"20":0,"21":0,"22":0,"23":0,"24":0,"25":0,"26":0,"27":0,"28":0,"29":0,"30":0,"31":0,"32":0,"33":0,"34":0,"35":0,"36":0,"37":0,"38":0,"39":0,"40":0,"41":0,"42":0,"43":0,"44":0,"45":0,"46":0},"fnMap":{"1":{"name":"(anonymous_1)","line":8,"loc":{"start":{"line":8,"column":14},"end":{"line":8,"column":37}}},"2":{"name":"(anonymous_2)","line":11,"loc":{"start":{"line":11,"column":49},"end":{"line":11,"column":65}}},"3":{"name":"(anonymous_3)","line":15,"loc":{"start":{"line":15,"column":16},"end":{"line":15,"column":28}}},"4":{"name":"center","line":30,"loc":{"start":{"line":30,"column":2},"end":{"line":30,"column":20}}},"5":{"name":"toRadian","line":34,"loc":{"start":{"line":34,"column":2},"end":{"line":34,"column":36}}},"6":{"name":"plotLines","line":38,"loc":{"start":{"line":38,"column":2},"end":{"line":38,"column":46}}},"7":{"name":"plotQuadrant","line":62,"loc":{"start":{"line":62,"column":2},"end":{"line":62,"column":41}}},"8":{"name":"(anonymous_8)","line":69,"loc":{"start":{"line":69,"column":18},"end":{"line":69,"column":37}}},"9":{"name":"plotTexts","line":85,"loc":{"start":{"line":85,"column":2},"end":{"line":85,"column":53}}},"10":{"name":"(anonymous_10)","line":86,"loc":{"start":{"line":86,"column":18},"end":{"line":86,"column":37}}},"11":{"name":"triangle","line":105,"loc":{"start":{"line":105,"column":2},"end":{"line":105,"column":40}}},"12":{"name":"triangleLegend","line":111,"loc":{"start":{"line":111,"column":2},"end":{"line":111,"column":39}}},"13":{"name":"circle","line":116,"loc":{"start":{"line":116,"column":2},"end":{"line":116,"column":38}}},"14":{"name":"circleLegend","line":123,"loc":{"start":{"line":123,"column":2},"end":{"line":123,"column":37}}},"15":{"name":"addRing","line":129,"loc":{"start":{"line":129,"column":2},"end":{"line":129,"column":32}}},"16":{"name":"calculateBlipCoordinates","line":135,"loc":{"start":{"line":135,"column":2},"end":{"line":135,"column":78}}},"17":{"name":"thereIsCollision","line":150,"loc":{"start":{"line":150,"column":2},"end":{"line":150,"column":57}}},"18":{"name":"(anonymous_18)","line":151,"loc":{"start":{"line":151,"column":31},"end":{"line":151,"column":61}}},"19":{"name":"plotBlips","line":156,"loc":{"start":{"line":156,"column":2},"end":{"line":156,"column":60}}},"20":{"name":"(anonymous_20)","line":169,"loc":{"start":{"line":169,"column":18},"end":{"line":169,"column":37}}},"21":{"name":"(anonymous_21)","line":175,"loc":{"start":{"line":175,"column":35},"end":{"line":175,"column":51}}},"22":{"name":"(anonymous_22)","line":179,"loc":{"start":{"line":179,"column":49},"end":{"line":179,"column":65}}},"23":{"name":"(anonymous_23)","line":182,"loc":{"start":{"line":182,"column":57},"end":{"line":182,"column":73}}},"24":{"name":"(anonymous_24)","line":190,"loc":{"start":{"line":190,"column":24},"end":{"line":190,"column":40}}},"25":{"name":"(anonymous_25)","line":237,"loc":{"start":{"line":237,"column":26},"end":{"line":237,"column":38}}},"26":{"name":"(anonymous_26)","line":244,"loc":{"start":{"line":244,"column":25},"end":{"line":244,"column":37}}},"27":{"name":"(anonymous_27)","line":253,"loc":{"start":{"line":253,"column":26},"end":{"line":253,"column":38}}},"28":{"name":"(anonymous_28)","line":258,"loc":{"start":{"line":258,"column":44},"end":{"line":258,"column":56}}},"29":{"name":"removeHomeLink","line":269,"loc":{"start":{"line":269,"column":2},"end":{"line":269,"column":27}}},"30":{"name":"createHomeLink","line":273,"loc":{"start":{"line":273,"column":2},"end":{"line":273,"column":39}}},"31":{"name":"removeRadarLegend","line":287,"loc":{"start":{"line":287,"column":2},"end":{"line":287,"column":30}}},"32":{"name":"drawLegend","line":291,"loc":{"start":{"line":291,"column":2},"end":{"line":291,"column":29}}},"33":{"name":"redrawFullRadar","line":349,"loc":{"start":{"line":349,"column":2},"end":{"line":349,"column":29}}},"34":{"name":"plotRadarHeader","line":376,"loc":{"start":{"line":376,"column":2},"end":{"line":376,"column":29}}},"35":{"name":"plotQuadrantButtons","line":394,"loc":{"start":{"line":394,"column":2},"end":{"line":394,"column":50}}},"36":{"name":"addButton","line":396,"loc":{"start":{"line":396,"column":4},"end":{"line":396,"column":33}}},"37":{"name":"(anonymous_37)","line":410,"loc":{"start":{"line":410,"column":25},"end":{"line":410,"column":38}}},"38":{"name":"(anonymous_38)","line":423,"loc":{"start":{"line":423,"column":22},"end":{"line":423,"column":34}}},"39":{"name":"plotRadarFooter","line":431,"loc":{"start":{"line":431,"column":2},"end":{"line":431,"column":29}}},"40":{"name":"mouseoverQuadrant","line":441,"loc":{"start":{"line":441,"column":2},"end":{"line":441,"column":36}}},"41":{"name":"mouseoutQuadrant","line":446,"loc":{"start":{"line":446,"column":2},"end":{"line":446,"column":35}}},"42":{"name":"selectQuadrant","line":450,"loc":{"start":{"line":450,"column":2},"end":{"line":450,"column":45}}},"43":{"name":"(anonymous_43)","line":482,"loc":{"start":{"line":482,"column":71},"end":{"line":482,"column":83}}},"44":{"name":"(anonymous_44)","line":507,"loc":{"start":{"line":507,"column":14},"end":{"line":507,"column":26}}},"45":{"name":"(anonymous_45)","line":512,"loc":{"start":{"line":512,"column":14},"end":{"line":512,"column":26}}},"46":{"name":"(anonymous_46)","line":525,"loc":{"start":{"line":525,"column":22},"end":{"line":525,"column":42}}}},"statementMap":{"1":{"start":{"line":1,"column":0},"end":{"line":1,"column":25}},"2":{"start":{"line":2,"column":0},"end":{"line":2,"column":32}},"3":{"start":{"line":3,"column":0},"end":{"line":3,"column":33}},"4":{"start":{"line":4,"column":0},"end":{"line":4,"column":33}},"5":{"start":{"line":6,"column":0},"end":{"line":6,"column":57}},"6":{"start":{"line":8,"column":0},"end":{"line":536,"column":2}},"7":{"start":{"line":9,"column":2},"end":{"line":9,"column":40}},"8":{"start":{"line":11,"column":2},"end":{"line":13,"column":5}},"9":{"start":{"line":12,"column":4},"end":{"line":12,"column":16}},"10":{"start":{"line":15,"column":2},"end":{"line":24,"column":5}},"11":{"start":{"line":16,"column":4},"end":{"line":22,"column":5}},"12":{"start":{"line":17,"column":6},"end":{"line":17,"column":67}},"13":{"start":{"line":18,"column":6},"end":{"line":21,"column":20}},"14":{"start":{"line":19,"column":8},"end":{"line":19,"column":20}},"15":{"start":{"line":21,"column":8},"end":{"line":21,"column":20}},"16":{"start":{"line":23,"column":4},"end":{"line":23,"column":15}},"17":{"start":{"line":26,"column":2},"end":{"line":26,"column":74}},"18":{"start":{"line":28,"column":2},"end":{"line":28,"column":16}},"19":{"start":{"line":30,"column":2},"end":{"line":32,"column":3}},"20":{"start":{"line":31,"column":4},"end":{"line":31,"column":32}},"21":{"start":{"line":34,"column":2},"end":{"line":36,"column":3}},"22":{"start":{"line":35,"column":4},"end":{"line":35,"column":42}},"23":{"start":{"line":38,"column":2},"end":{"line":60,"column":3}},"24":{"start":{"line":39,"column":4},"end":{"line":39,"column":81}},"25":{"start":{"line":40,"column":4},"end":{"line":40,"column":84}},"26":{"start":{"line":42,"column":4},"end":{"line":42,"column":80}},"27":{"start":{"line":43,"column":4},"end":{"line":43,"column":83}},"28":{"start":{"line":45,"column":4},"end":{"line":49,"column":5}},"29":{"start":{"line":46,"column":6},"end":{"line":46,"column":21}},"30":{"start":{"line":47,"column":6},"end":{"line":47,"column":20}},"31":{"start":{"line":48,"column":6},"end":{"line":48,"column":19}},"32":{"start":{"line":51,"column":4},"end":{"line":54,"column":32}},"33":{"start":{"line":56,"column":4},"end":{"line":59,"column":32}},"34":{"start":{"line":62,"column":2},"end":{"line":83,"column":3}},"35":{"start":{"line":63,"column":4},"end":{"line":67,"column":81}},"36":{"start":{"line":69,"column":4},"end":{"line":80,"column":7}},"37":{"start":{"line":70,"column":6},"end":{"line":74,"column":54}},"38":{"start":{"line":76,"column":6},"end":{"line":79,"column":76}},"39":{"start":{"line":82,"column":4},"end":{"line":82,"column":25}},"40":{"start":{"line":85,"column":2},"end":{"line":103,"column":3}},"41":{"start":{"line":86,"column":4},"end":{"line":102,"column":7}},"42":{"start":{"line":87,"column":6},"end":{"line":101,"column":7}},"43":{"start":{"line":88,"column":8},"end":{"line":93,"column":29}},"44":{"start":{"line":95,"column":8},"end":{"line":100,"column":29}},"45":{"start":{"line":105,"column":2},"end":{"line":109,"column":3}},"46":{"start":{"line":106,"column":4},"end":{"line":108,"column":28}},"47":{"start":{"line":111,"column":2},"end":{"line":114,"column":3}},"48":{"start":{"line":112,"column":4},"end":{"line":113,"column":158}},"49":{"start":{"line":116,"column":2},"end":{"line":121,"column":3}},"50":{"start":{"line":117,"column":4},"end":{"line":120,"column":28}},"51":{"start":{"line":123,"column":2},"end":{"line":127,"column":3}},"52":{"start":{"line":124,"column":4},"end":{"line":126,"column":158}},"53":{"start":{"line":129,"column":2},"end":{"line":133,"column":3}},"54":{"start":{"line":130,"column":4},"end":{"line":130,"column":54}},"55":{"start":{"line":131,"column":4},"end":{"line":131,"column":34}},"56":{"start":{"line":132,"column":4},"end":{"line":132,"column":30}},"57":{"start":{"line":135,"column":2},"end":{"line":148,"column":3}},"58":{"start":{"line":136,"column":4},"end":{"line":136,"column":82}},"59":{"start":{"line":137,"column":4},"end":{"line":137,"column":83}},"60":{"start":{"line":139,"column":4},"end":{"line":139,"column":99}},"61":{"start":{"line":140,"column":4},"end":{"line":140,"column":71}},"62":{"start":{"line":141,"column":4},"end":{"line":141,"column":51}},"63":{"start":{"line":142,"column":4},"end":{"line":142,"column":82}},"64":{"start":{"line":144,"column":4},"end":{"line":144,"column":58}},"65":{"start":{"line":145,"column":4},"end":{"line":145,"column":58}},"66":{"start":{"line":147,"column":4},"end":{"line":147,"column":18}},"67":{"start":{"line":150,"column":2},"end":{"line":154,"column":3}},"68":{"start":{"line":151,"column":4},"end":{"line":153,"column":7}},"69":{"start":{"line":152,"column":6},"end":{"line":152,"column":141}},"70":{"start":{"line":156,"column":2},"end":{"line":267,"column":3}},"71":{"start":{"line":157,"column":4},"end":{"line":157,"column":43}},"72":{"start":{"line":159,"column":4},"end":{"line":159,"column":40}},"73":{"start":{"line":160,"column":4},"end":{"line":160,"column":44}},"74":{"start":{"line":161,"column":4},"end":{"line":161,"column":34}},"75":{"start":{"line":163,"column":4},"end":{"line":166,"column":29}},"76":{"start":{"line":168,"column":4},"end":{"line":168,"column":29}},"77":{"start":{"line":169,"column":4},"end":{"line":266,"column":7}},"78":{"start":{"line":170,"column":6},"end":{"line":170,"column":31}},"79":{"start":{"line":172,"column":6},"end":{"line":172,"column":46}},"80":{"start":{"line":173,"column":6},"end":{"line":173,"column":50}},"81":{"start":{"line":175,"column":6},"end":{"line":177,"column":9}},"82":{"start":{"line":176,"column":8},"end":{"line":176,"column":35}},"83":{"start":{"line":179,"column":6},"end":{"line":181,"column":12}},"84":{"start":{"line":180,"column":8},"end":{"line":180,"column":35}},"85":{"start":{"line":182,"column":6},"end":{"line":184,"column":12}},"86":{"start":{"line":183,"column":8},"end":{"line":183,"column":35}},"87":{"start":{"line":185,"column":6},"end":{"line":185,"column":109}},"88":{"start":{"line":187,"column":6},"end":{"line":187,"column":49}},"89":{"start":{"line":188,"column":6},"end":{"line":188,"column":40}},"90":{"start":{"line":190,"column":6},"end":{"line":265,"column":9}},"91":{"start":{"line":191,"column":8},"end":{"line":191,"column":93}},"92":{"start":{"line":192,"column":8},"end":{"line":192,"column":32}},"93":{"start":{"line":193,"column":8},"end":{"line":193,"column":33}},"94":{"start":{"line":195,"column":8},"end":{"line":198,"column":9}},"95":{"start":{"line":196,"column":10},"end":{"line":196,"column":91}},"96":{"start":{"line":197,"column":10},"end":{"line":197,"column":29}},"97":{"start":{"line":200,"column":8},"end":{"line":264,"column":9}},"98":{"start":{"line":201,"column":10},"end":{"line":201,"column":53}},"99":{"start":{"line":202,"column":10},"end":{"line":202,"column":33}},"100":{"start":{"line":203,"column":10},"end":{"line":203,"column":33}},"101":{"start":{"line":205,"column":10},"end":{"line":205,"column":75}},"102":{"start":{"line":207,"column":10},"end":{"line":211,"column":11}},"103":{"start":{"line":208,"column":12},"end":{"line":208,"column":41}},"104":{"start":{"line":210,"column":12},"end":{"line":210,"column":39}},"105":{"start":{"line":213,"column":10},"end":{"line":218,"column":33}},"106":{"start":{"line":220,"column":10},"end":{"line":220,"column":51}},"107":{"start":{"line":222,"column":10},"end":{"line":222,"column":140}},"108":{"start":{"line":224,"column":10},"end":{"line":226,"column":91}},"109":{"start":{"line":228,"column":10},"end":{"line":229,"column":52}},"110":{"start":{"line":233,"column":10},"end":{"line":235,"column":11}},"111":{"start":{"line":234,"column":12},"end":{"line":234,"column":69}},"112":{"start":{"line":237,"column":10},"end":{"line":242,"column":12}},"113":{"start":{"line":238,"column":12},"end":{"line":238,"column":61}},"114":{"start":{"line":239,"column":12},"end":{"line":239,"column":39}},"115":{"start":{"line":240,"column":12},"end":{"line":240,"column":81}},"116":{"start":{"line":241,"column":12},"end":{"line":241,"column":48}},"117":{"start":{"line":244,"column":10},"end":{"line":248,"column":12}},"118":{"start":{"line":245,"column":12},"end":{"line":245,"column":61}},"119":{"start":{"line":246,"column":12},"end":{"line":246,"column":82}},"120":{"start":{"line":247,"column":12},"end":{"line":247,"column":56}},"121":{"start":{"line":250,"column":10},"end":{"line":250,"column":75}},"122":{"start":{"line":251,"column":10},"end":{"line":251,"column":68}},"123":{"start":{"line":253,"column":10},"end":{"line":261,"column":12}},"124":{"start":{"line":254,"column":12},"end":{"line":255,"column":84}},"125":{"start":{"line":256,"column":12},"end":{"line":256,"column":94}},"126":{"start":{"line":258,"column":12},"end":{"line":260,"column":15}},"127":{"start":{"line":259,"column":14},"end":{"line":259,"column":41}},"128":{"start":{"line":263,"column":10},"end":{"line":263,"column":46}},"129":{"start":{"line":269,"column":2},"end":{"line":271,"column":3}},"130":{"start":{"line":270,"column":4},"end":{"line":270,"column":37}},"131":{"start":{"line":273,"column":2},"end":{"line":285,"column":3}},"132":{"start":{"line":274,"column":4},"end":{"line":284,"column":5}},"133":{"start":{"line":275,"column":6},"end":{"line":283,"column":2481}},"134":{"start":{"line":287,"column":2},"end":{"line":289,"column":3}},"135":{"start":{"line":288,"column":4},"end":{"line":288,"column":34}},"136":{"start":{"line":291,"column":2},"end":{"line":347,"column":3}},"137":{"start":{"line":292,"column":4},"end":{"line":292,"column":24}},"138":{"start":{"line":294,"column":4},"end":{"line":294,"column":32}},"139":{"start":{"line":295,"column":4},"end":{"line":295,"column":31}},"140":{"start":{"line":297,"column":4},"end":{"line":298,"column":48}},"141":{"start":{"line":300,"column":4},"end":{"line":300,"column":15}},"142":{"start":{"line":301,"column":4},"end":{"line":301,"column":15}},"143":{"start":{"line":304,"column":4},"end":{"line":307,"column":5}},"144":{"start":{"line":305,"column":6},"end":{"line":305,"column":23}},"145":{"start":{"line":306,"column":6},"end":{"line":306,"column":23}},"146":{"start":{"line":309,"column":4},"end":{"line":312,"column":5}},"147":{"start":{"line":310,"column":6},"end":{"line":310,"column":28}},"148":{"start":{"line":311,"column":6},"end":{"line":311,"column":28}},"149":{"start":{"line":314,"column":4},"end":{"line":317,"column":5}},"150":{"start":{"line":315,"column":6},"end":{"line":315,"column":28}},"151":{"start":{"line":316,"column":6},"end":{"line":316,"column":28}},"152":{"start":{"line":319,"column":4},"end":{"line":322,"column":5}},"153":{"start":{"line":320,"column":6},"end":{"line":320,"column":23}},"154":{"start":{"line":321,"column":6},"end":{"line":321,"column":23}},"155":{"start":{"line":324,"column":4},"end":{"line":327,"column":38}},"156":{"start":{"line":329,"column":4},"end":{"line":329,"column":36}},"157":{"start":{"line":331,"column":4},"end":{"line":336,"column":25}},"158":{"start":{"line":339,"column":4},"end":{"line":339,"column":39}},"159":{"start":{"line":341,"column":4},"end":{"line":346,"column":23}},"160":{"start":{"line":349,"column":2},"end":{"line":374,"column":3}},"161":{"start":{"line":350,"column":4},"end":{"line":350,"column":21}},"162":{"start":{"line":351,"column":4},"end":{"line":351,"column":24}},"163":{"start":{"line":353,"column":4},"end":{"line":353,"column":43}},"164":{"start":{"line":355,"column":4},"end":{"line":357,"column":34}},"165":{"start":{"line":359,"column":4},"end":{"line":359,"column":63}},"166":{"start":{"line":360,"column":4},"end":{"line":360,"column":58}},"167":{"start":{"line":362,"column":4},"end":{"line":365,"column":37}},"168":{"start":{"line":367,"column":4},"end":{"line":370,"column":37}},"169":{"start":{"line":372,"column":4},"end":{"line":373,"column":39}},"170":{"start":{"line":376,"column":2},"end":{"line":392,"column":3}},"171":{"start":{"line":377,"column":4},"end":{"line":377,"column":62}},"172":{"start":{"line":378,"column":4},"end":{"line":387,"column":36}},"173":{"start":{"line":391,"column":4},"end":{"line":391,"column":18}},"174":{"start":{"line":394,"column":2},"end":{"line":427,"column":3}},"175":{"start":{"line":396,"column":4},"end":{"line":408,"column":5}},"176":{"start":{"line":397,"column":6},"end":{"line":399,"column":59}},"177":{"start":{"line":402,"column":6},"end":{"line":407,"column":83}},"178":{"start":{"line":410,"column":4},"end":{"line":412,"column":7}},"179":{"start":{"line":411,"column":6},"end":{"line":411,"column":30}},"180":{"start":{"line":415,"column":4},"end":{"line":418,"column":46}},"181":{"start":{"line":420,"column":6},"end":{"line":425,"column":13}},"182":{"start":{"line":424,"column":14},"end":{"line":424,"column":52}},"183":{"start":{"line":431,"column":2},"end":{"line":439,"column":3}},"184":{"start":{"line":432,"column":4},"end":{"line":438,"column":14}},"185":{"start":{"line":441,"column":2},"end":{"line":444,"column":3}},"186":{"start":{"line":442,"column":4},"end":{"line":442,"column":62}},"187":{"start":{"line":443,"column":4},"end":{"line":443,"column":93}},"188":{"start":{"line":446,"column":2},"end":{"line":448,"column":3}},"189":{"start":{"line":447,"column":4},"end":{"line":447,"column":91}},"190":{"start":{"line":450,"column":2},"end":{"line":505,"column":3}},"191":{"start":{"line":451,"column":4},"end":{"line":451,"column":58}},"192":{"start":{"line":452,"column":4},"end":{"line":452,"column":40}},"193":{"start":{"line":454,"column":4},"end":{"line":454,"column":83}},"194":{"start":{"line":455,"column":4},"end":{"line":455,"column":63}},"195":{"start":{"line":456,"column":4},"end":{"line":456,"column":63}},"196":{"start":{"line":457,"column":4},"end":{"line":457,"column":71}},"197":{"start":{"line":458,"column":4},"end":{"line":458,"column":70}},"198":{"start":{"line":460,"column":4},"end":{"line":460,"column":18}},"199":{"start":{"line":462,"column":4},"end":{"line":462,"column":82}},"200":{"start":{"line":463,"column":4},"end":{"line":463,"column":82}},"201":{"start":{"line":465,"column":4},"end":{"line":465,"column":105}},"202":{"start":{"line":466,"column":4},"end":{"line":466,"column":120}},"203":{"start":{"line":468,"column":4},"end":{"line":468,"column":108}},"204":{"start":{"line":469,"column":4},"end":{"line":469,"column":61}},"205":{"start":{"line":471,"column":4},"end":{"line":471,"column":73}},"206":{"start":{"line":472,"column":4},"end":{"line":472,"column":72}},"207":{"start":{"line":474,"column":4},"end":{"line":474,"column":26}},"208":{"start":{"line":475,"column":4},"end":{"line":475,"column":52}},"209":{"start":{"line":477,"column":4},"end":{"line":477,"column":72}},"210":{"start":{"line":478,"column":4},"end":{"line":481,"column":97}},"211":{"start":{"line":482,"column":4},"end":{"line":489,"column":7}},"212":{"start":{"line":483,"column":6},"end":{"line":483,"column":40}},"213":{"start":{"line":484,"column":6},"end":{"line":484,"column":40}},"214":{"start":{"line":485,"column":6},"end":{"line":488,"column":117}},"215":{"start":{"line":491,"column":4},"end":{"line":492,"column":39}},"216":{"start":{"line":494,"column":4},"end":{"line":498,"column":91}},"217":{"start":{"line":502,"column":4},"end":{"line":504,"column":5}},"218":{"start":{"line":503,"column":6},"end":{"line":503,"column":24}},"219":{"start":{"line":507,"column":2},"end":{"line":510,"column":4}},"220":{"start":{"line":508,"column":4},"end":{"line":508,"column":71}},"221":{"start":{"line":509,"column":4},"end":{"line":509,"column":16}},"222":{"start":{"line":512,"column":2},"end":{"line":533,"column":4}},"223":{"start":{"line":513,"column":4},"end":{"line":513,"column":25}},"224":{"start":{"line":515,"column":4},"end":{"line":515,"column":26}},"225":{"start":{"line":516,"column":4},"end":{"line":516,"column":34}},"226":{"start":{"line":517,"column":4},"end":{"line":517,"column":35}},"227":{"start":{"line":519,"column":4},"end":{"line":519,"column":43}},"228":{"start":{"line":521,"column":4},"end":{"line":521,"column":51}},"229":{"start":{"line":522,"column":4},"end":{"line":522,"column":47}},"230":{"start":{"line":523,"column":4},"end":{"line":523,"column":79}},"231":{"start":{"line":525,"column":4},"end":{"line":530,"column":7}},"232":{"start":{"line":526,"column":6},"end":{"line":526,"column":56}},"233":{"start":{"line":527,"column":6},"end":{"line":527,"column":41}},"234":{"start":{"line":528,"column":6},"end":{"line":528,"column":48}},"235":{"start":{"line":529,"column":6},"end":{"line":529,"column":48}},"236":{"start":{"line":532,"column":4},"end":{"line":532,"column":22}},"237":{"start":{"line":535,"column":2},"end":{"line":535,"column":14}},"238":{"start":{"line":538,"column":0},"end":{"line":538,"column":23}}},"branchMap":{"1":{"line":16,"type":"if","locations":[{"start":{"line":16,"column":4},"end":{"line":16,"column":4}},{"start":{"line":16,"column":4},"end":{"line":16,"column":4}}]},"2":{"line":18,"type":"if","locations":[{"start":{"line":18,"column":6},"end":{"line":18,"column":6}},{"start":{"line":18,"column":6},"end":{"line":18,"column":6}}]},"3":{"line":18,"type":"binary-expr","locations":[{"start":{"line":18,"column":10},"end":{"line":18,"column":43}},{"start":{"line":18,"column":47},"end":{"line":18,"column":81}}]},"4":{"line":45,"type":"if","locations":[{"start":{"line":45,"column":4},"end":{"line":45,"column":4}},{"start":{"line":45,"column":4},"end":{"line":45,"column":4}}]},"5":{"line":87,"type":"if","locations":[{"start":{"line":87,"column":6},"end":{"line":87,"column":6}},{"start":{"line":87,"column":6},"end":{"line":87,"column":6}}]},"6":{"line":87,"type":"binary-expr","locations":[{"start":{"line":87,"column":10},"end":{"line":87,"column":36}},{"start":{"line":87,"column":40},"end":{"line":87,"column":67}}]},"7":{"line":117,"type":"binary-expr","locations":[{"start":{"line":117,"column":12},"end":{"line":117,"column":17}},{"start":{"line":117,"column":21},"end":{"line":117,"column":24}}]},"8":{"line":124,"type":"binary-expr","locations":[{"start":{"line":124,"column":12},"end":{"line":124,"column":17}},{"start":{"line":124,"column":21},"end":{"line":124,"column":24}}]},"9":{"line":141,"type":"cond-expr","locations":[{"start":{"line":141,"column":35},"end":{"line":141,"column":37}},{"start":{"line":141,"column":40},"end":{"line":141,"column":50}}]},"10":{"line":152,"type":"binary-expr","locations":[{"start":{"line":152,"column":14},"end":{"line":152,"column":74}},{"start":{"line":152,"column":80},"end":{"line":152,"column":140}}]},"11":{"line":195,"type":"binary-expr","locations":[{"start":{"line":195,"column":15},"end":{"line":195,"column":70}},{"start":{"line":195,"column":75},"end":{"line":195,"column":107}}]},"12":{"line":200,"type":"if","locations":[{"start":{"line":200,"column":8},"end":{"line":200,"column":8}},{"start":{"line":200,"column":8},"end":{"line":200,"column":8}}]},"13":{"line":207,"type":"if","locations":[{"start":{"line":207,"column":10},"end":{"line":207,"column":10}},{"start":{"line":207,"column":10},"end":{"line":207,"column":10}}]},"14":{"line":222,"type":"cond-expr","locations":[{"start":{"line":222,"column":78},"end":{"line":222,"column":133}},{"start":{"line":222,"column":136},"end":{"line":222,"column":138}}]},"15":{"line":226,"type":"cond-expr","locations":[{"start":{"line":226,"column":46},"end":{"line":226,"column":84}},{"start":{"line":226,"column":86},"end":{"line":226,"column":88}}]},"16":{"line":233,"type":"if","locations":[{"start":{"line":233,"column":10},"end":{"line":233,"column":10}},{"start":{"line":233,"column":10},"end":{"line":233,"column":10}}]},"17":{"line":254,"type":"binary-expr","locations":[{"start":{"line":254,"column":12},"end":{"line":254,"column":94}},{"start":{"line":255,"column":12},"end":{"line":255,"column":83}}]},"18":{"line":274,"type":"if","locations":[{"start":{"line":274,"column":4},"end":{"line":274,"column":4}},{"start":{"line":274,"column":4},"end":{"line":274,"column":4}}]},"19":{"line":304,"type":"if","locations":[{"start":{"line":304,"column":4},"end":{"line":304,"column":4}},{"start":{"line":304,"column":4},"end":{"line":304,"column":4}}]},"20":{"line":309,"type":"if","locations":[{"start":{"line":309,"column":4},"end":{"line":309,"column":4}},{"start":{"line":309,"column":4},"end":{"line":309,"column":4}}]},"21":{"line":314,"type":"if","locations":[{"start":{"line":314,"column":4},"end":{"line":314,"column":4}},{"start":{"line":314,"column":4},"end":{"line":314,"column":4}}]},"22":{"line":319,"type":"if","locations":[{"start":{"line":319,"column":4},"end":{"line":319,"column":4}},{"start":{"line":319,"column":4},"end":{"line":319,"column":4}}]},"23":{"line":502,"type":"if","locations":[{"start":{"line":502,"column":4},"end":{"line":502,"column":4}},{"start":{"line":502,"column":4},"end":{"line":502,"column":4}}]}}},"/Users/seb/Dropbox/TechnoRadarFork/build-your-own-radar/src/util/ringCalculator.js":{"path":"/Users/seb/Dropbox/TechnoRadarFork/build-your-own-radar/src/util/ringCalculator.js","s":{"1":1,"2":1,"3":1,"4":1,"5":3,"6":15,"7":1,"8":1,"9":1,"10":1,"11":1,"12":1},"b":{},"f":{"1":1,"2":3,"3":15,"4":1},"fnMap":{"1":{"name":"(anonymous_1)","line":1,"loc":{"start":{"line":1,"column":23},"end":{"line":1,"column":59}}},"2":{"name":"(anonymous_2)","line":6,"loc":{"start":{"line":6,"column":13},"end":{"line":6,"column":30}}},"3":{"name":"(anonymous_3)","line":7,"loc":{"start":{"line":7,"column":48},"end":{"line":7,"column":77}}},"4":{"name":"(anonymous_4)","line":12,"loc":{"start":{"line":12,"column":19},"end":{"line":12,"column":34}}}},"statementMap":{"1":{"start":{"line":1,"column":0},"end":{"line":20,"column":2}},"2":{"start":{"line":2,"column":2},"end":{"line":2,"column":42}},"3":{"start":{"line":4,"column":2},"end":{"line":4,"column":16}},"4":{"start":{"line":6,"column":2},"end":{"line":10,"column":4}},"5":{"start":{"line":7,"column":4},"end":{"line":9,"column":10}},"6":{"start":{"line":8,"column":6},"end":{"line":8,"column":32}},"7":{"start":{"line":12,"column":2},"end":{"line":17,"column":4}},"8":{"start":{"line":13,"column":4},"end":{"line":13,"column":40}},"9":{"start":{"line":14,"column":4},"end":{"line":14,"column":29}},"10":{"start":{"line":16,"column":4},"end":{"line":16,"column":35}},"11":{"start":{"line":19,"column":2},"end":{"line":19,"column":14}},"12":{"start":{"line":22,"column":0},"end":{"line":22,"column":32}}},"branchMap":{}},"/Users/seb/Dropbox/TechnoRadarFork/build-your-own-radar/src/models/quadrant.js":{"path":"/Users/seb/Dropbox/TechnoRadarFork/build-your-own-radar/src/models/quadrant.js","s":{"1":1,"2":26,"3":26,"4":26,"5":26,"6":1,"7":26,"8":15,"9":14,"10":1,"11":26,"12":49,"13":26,"14":1},"b":{"1":[14,1]},"f":{"1":26,"2":1,"3":15,"4":49},"fnMap":{"1":{"name":"(anonymous_1)","line":1,"loc":{"start":{"line":1,"column":17},"end":{"line":1,"column":33}}},"2":{"name":"(anonymous_2)","line":7,"loc":{"start":{"line":7,"column":14},"end":{"line":7,"column":26}}},"3":{"name":"(anonymous_3)","line":11,"loc":{"start":{"line":11,"column":13},"end":{"line":11,"column":33}}},"4":{"name":"(anonymous_4)","line":19,"loc":{"start":{"line":19,"column":15},"end":{"line":19,"column":27}}}},"statementMap":{"1":{"start":{"line":1,"column":0},"end":{"line":24,"column":2}},"2":{"start":{"line":2,"column":2},"end":{"line":2,"column":18}},"3":{"start":{"line":4,"column":2},"end":{"line":4,"column":12}},"4":{"start":{"line":5,"column":2},"end":{"line":5,"column":13}},"5":{"start":{"line":7,"column":2},"end":{"line":9,"column":4}},"6":{"start":{"line":8,"column":4},"end":{"line":8,"column":16}},"7":{"start":{"line":11,"column":2},"end":{"line":17,"column":4}},"8":{"start":{"line":12,"column":4},"end":{"line":16,"column":5}},"9":{"start":{"line":13,"column":6},"end":{"line":13,"column":37}},"10":{"start":{"line":15,"column":6},"end":{"line":15,"column":27}},"11":{"start":{"line":19,"column":2},"end":{"line":21,"column":4}},"12":{"start":{"line":20,"column":4},"end":{"line":20,"column":26}},"13":{"start":{"line":23,"column":2},"end":{"line":23,"column":14}},"14":{"start":{"line":26,"column":0},"end":{"line":26,"column":26}}},"branchMap":{"1":{"line":12,"type":"if","locations":[{"start":{"line":12,"column":4},"end":{"line":12,"column":4}},{"start":{"line":12,"column":4},"end":{"line":12,"column":4}}]}}},"/Users/seb/Dropbox/TechnoRadarFork/build-your-own-radar/src/models/ring.js":{"path":"/Users/seb/Dropbox/TechnoRadarFork/build-your-own-radar/src/models/ring.js","s":{"1":1,"2":24,"3":24,"4":10,"5":24,"6":7,"7":24,"8":1},"b":{},"f":{"1":24,"2":10,"3":7},"fnMap":{"1":{"name":"(anonymous_1)","line":1,"loc":{"start":{"line":1,"column":13},"end":{"line":1,"column":36}}},"2":{"name":"(anonymous_2)","line":4,"loc":{"start":{"line":4,"column":14},"end":{"line":4,"column":26}}},"3":{"name":"(anonymous_3)","line":8,"loc":{"start":{"line":8,"column":15},"end":{"line":8,"column":27}}}},"statementMap":{"1":{"start":{"line":1,"column":0},"end":{"line":13,"column":2}},"2":{"start":{"line":2,"column":2},"end":{"line":2,"column":16}},"3":{"start":{"line":4,"column":2},"end":{"line":6,"column":4}},"4":{"start":{"line":5,"column":4},"end":{"line":5,"column":16}},"5":{"start":{"line":8,"column":2},"end":{"line":10,"column":4}},"6":{"start":{"line":9,"column":4},"end":{"line":9,"column":17}},"7":{"start":{"line":12,"column":2},"end":{"line":12,"column":14}},"8":{"start":{"line":15,"column":0},"end":{"line":15,"column":22}}},"branchMap":{}},"/Users/seb/Dropbox/TechnoRadarFork/build-your-own-radar/src/models/blip.js":{"path":"/Users/seb/Dropbox/TechnoRadarFork/build-your-own-radar/src/models/blip.js","s":{"1":1,"2":33,"3":33,"4":33,"5":33,"6":1,"7":33,"8":0,"9":33,"10":0,"11":33,"12":2,"13":33,"14":15,"15":33,"16":10,"17":33,"18":21,"19":33,"20":1},"b":{"1":[0,0],"2":[0,0]},"f":{"1":33,"2":1,"3":0,"4":0,"5":2,"6":15,"7":10,"8":21},"fnMap":{"1":{"name":"(anonymous_1)","line":1,"loc":{"start":{"line":1,"column":13},"end":{"line":1,"column":62}}},"2":{"name":"(anonymous_2)","line":7,"loc":{"start":{"line":7,"column":14},"end":{"line":7,"column":26}}},"3":{"name":"(anonymous_3)","line":11,"loc":{"start":{"line":11,"column":15},"end":{"line":11,"column":27}}},"4":{"name":"(anonymous_4)","line":15,"loc":{"start":{"line":15,"column":21},"end":{"line":15,"column":33}}},"5":{"name":"(anonymous_5)","line":19,"loc":{"start":{"line":19,"column":15},"end":{"line":19,"column":27}}},"6":{"name":"(anonymous_6)","line":23,"loc":{"start":{"line":23,"column":14},"end":{"line":23,"column":26}}},"7":{"name":"(anonymous_7)","line":27,"loc":{"start":{"line":27,"column":16},"end":{"line":27,"column":28}}},"8":{"name":"(anonymous_8)","line":31,"loc":{"start":{"line":31,"column":19},"end":{"line":31,"column":40}}}},"statementMap":{"1":{"start":{"line":1,"column":0},"end":{"line":36,"column":2}},"2":{"start":{"line":2,"column":2},"end":{"line":2,"column":19}},"3":{"start":{"line":4,"column":2},"end":{"line":4,"column":12}},"4":{"start":{"line":5,"column":2},"end":{"line":5,"column":14}},"5":{"start":{"line":7,"column":2},"end":{"line":9,"column":4}},"6":{"start":{"line":8,"column":4},"end":{"line":8,"column":16}},"7":{"start":{"line":11,"column":2},"end":{"line":13,"column":4}},"8":{"start":{"line":12,"column":4},"end":{"line":12,"column":23}},"9":{"start":{"line":15,"column":2},"end":{"line":17,"column":4}},"10":{"start":{"line":16,"column":4},"end":{"line":16,"column":29}},"11":{"start":{"line":19,"column":2},"end":{"line":21,"column":4}},"12":{"start":{"line":20,"column":4},"end":{"line":20,"column":17}},"13":{"start":{"line":23,"column":2},"end":{"line":25,"column":4}},"14":{"start":{"line":24,"column":4},"end":{"line":24,"column":16}},"15":{"start":{"line":27,"column":2},"end":{"line":29,"column":4}},"16":{"start":{"line":28,"column":4},"end":{"line":28,"column":18}},"17":{"start":{"line":31,"column":2},"end":{"line":33,"column":4}},"18":{"start":{"line":32,"column":4},"end":{"line":32,"column":23}},"19":{"start":{"line":35,"column":2},"end":{"line":35,"column":14}},"20":{"start":{"line":38,"column":0},"end":{"line":38,"column":22}}},"branchMap":{"1":{"line":12,"type":"binary-expr","locations":[{"start":{"line":12,"column":11},"end":{"line":12,"column":16}},{"start":{"line":12,"column":20},"end":{"line":12,"column":22}}]},"2":{"line":16,"type":"binary-expr","locations":[{"start":{"line":16,"column":11},"end":{"line":16,"column":22}},{"start":{"line":16,"column":26},"end":{"line":16,"column":28}}]}}},"/Users/seb/Dropbox/TechnoRadarFork/build-your-own-radar/src/models/radar.js":{"path":"/Users/seb/Dropbox/TechnoRadarFork/build-your-own-radar/src/models/radar.js","s":{"1":1,"2":1,"3":1,"4":1,"5":12,"6":12,"7":12,"8":12,"9":12,"10":1,"11":26,"12":20,"13":12,"14":27,"15":1,"16":26,"17":26,"18":26,"19":1,"20":4,"21":1,"22":3,"23":1,"24":4,"25":12,"26":12,"27":4,"28":8,"29":6,"30":6,"31":12,"32":16,"33":12,"34":1},"b":{"1":[1,26],"2":[1,3]},"f":{"1":12,"2":26,"3":20,"4":27,"5":4,"6":4,"7":12,"8":4,"9":8,"10":6,"11":6,"12":16},"fnMap":{"1":{"name":"(anonymous_1)","line":10,"loc":{"start":{"line":10,"column":14},"end":{"line":10,"column":25}}},"2":{"name":"setNumbers","line":23,"loc":{"start":{"line":23,"column":2},"end":{"line":23,"column":29}}},"3":{"name":"(anonymous_3)","line":24,"loc":{"start":{"line":24,"column":18},"end":{"line":24,"column":34}}},"4":{"name":"(anonymous_4)","line":29,"loc":{"start":{"line":29,"column":21},"end":{"line":29,"column":41}}},"5":{"name":"allQuadrants","line":38,"loc":{"start":{"line":38,"column":3},"end":{"line":38,"column":27}}},"6":{"name":"allBlips","line":45,"loc":{"start":{"line":45,"column":2},"end":{"line":45,"column":22}}},"7":{"name":"(anonymous_7)","line":46,"loc":{"start":{"line":46,"column":33},"end":{"line":46,"column":60}}},"8":{"name":"(anonymous_8)","line":51,"loc":{"start":{"line":51,"column":15},"end":{"line":51,"column":27}}},"9":{"name":"(anonymous_9)","line":52,"loc":{"start":{"line":52,"column":47},"end":{"line":52,"column":63}}},"10":{"name":"(anonymous_10)","line":54,"loc":{"start":{"line":54,"column":8},"end":{"line":54,"column":24}}},"11":{"name":"(anonymous_11)","line":56,"loc":{"start":{"line":56,"column":8},"end":{"line":56,"column":24}}},"12":{"name":"(anonymous_12)","line":61,"loc":{"start":{"line":61,"column":19},"end":{"line":61,"column":31}}}},"statementMap":{"1":{"start":{"line":1,"column":0},"end":{"line":1,"column":71}},"2":{"start":{"line":2,"column":0},"end":{"line":2,"column":63}},"3":{"start":{"line":4,"column":0},"end":{"line":8,"column":2}},"4":{"start":{"line":10,"column":0},"end":{"line":66,"column":2}},"5":{"start":{"line":11,"column":2},"end":{"line":11,"column":50}},"6":{"start":{"line":13,"column":2},"end":{"line":13,"column":17}},"7":{"start":{"line":14,"column":2},"end":{"line":14,"column":21}},"8":{"start":{"line":15,"column":2},"end":{"line":20,"column":4}},"9":{"start":{"line":21,"column":2},"end":{"line":21,"column":12}},"10":{"start":{"line":23,"column":2},"end":{"line":27,"column":3}},"11":{"start":{"line":24,"column":4},"end":{"line":26,"column":7}},"12":{"start":{"line":25,"column":6},"end":{"line":25,"column":35}},"13":{"start":{"line":29,"column":2},"end":{"line":36,"column":4}},"14":{"start":{"line":30,"column":4},"end":{"line":32,"column":5}},"15":{"start":{"line":31,"column":6},"end":{"line":31,"column":73}},"16":{"start":{"line":33,"column":4},"end":{"line":33,"column":50}},"17":{"start":{"line":34,"column":4},"end":{"line":34,"column":33}},"18":{"start":{"line":35,"column":4},"end":{"line":35,"column":21}},"19":{"start":{"line":38,"column":3},"end":{"line":43,"column":3}},"20":{"start":{"line":39,"column":4},"end":{"line":40,"column":79}},"21":{"start":{"line":40,"column":6},"end":{"line":40,"column":79}},"22":{"start":{"line":42,"column":4},"end":{"line":42,"column":40}},"23":{"start":{"line":45,"column":2},"end":{"line":49,"column":3}},"24":{"start":{"line":46,"column":4},"end":{"line":48,"column":11}},"25":{"start":{"line":47,"column":6},"end":{"line":47,"column":44}},"26":{"start":{"line":51,"column":2},"end":{"line":59,"column":4}},"27":{"start":{"line":52,"column":4},"end":{"line":58,"column":7}},"28":{"start":{"line":53,"column":6},"end":{"line":53,"column":32}},"29":{"start":{"line":55,"column":6},"end":{"line":55,"column":25}},"30":{"start":{"line":57,"column":6},"end":{"line":57,"column":26}},"31":{"start":{"line":61,"column":2},"end":{"line":63,"column":4}},"32":{"start":{"line":62,"column":4},"end":{"line":62,"column":21}},"33":{"start":{"line":65,"column":2},"end":{"line":65,"column":14}},"34":{"start":{"line":68,"column":0},"end":{"line":68,"column":23}}},"branchMap":{"1":{"line":30,"type":"if","locations":[{"start":{"line":30,"column":4},"end":{"line":30,"column":4}},{"start":{"line":30,"column":4},"end":{"line":30,"column":4}}]},"2":{"line":39,"type":"if","locations":[{"start":{"line":39,"column":4},"end":{"line":39,"column":4}},{"start":{"line":39,"column":4},"end":{"line":39,"column":4}}]}}},"/Users/seb/Dropbox/TechnoRadarFork/build-your-own-radar/src/exceptions/malformedDataError.js":{"path":"/Users/seb/Dropbox/TechnoRadarFork/build-your-own-radar/src/exceptions/malformedDataError.js","s":{"1":1,"2":8,"3":1,"4":1,"5":1,"6":1,"7":1,"8":1},"b":{},"f":{"1":8},"fnMap":{"1":{"name":"(anonymous_1)","line":1,"loc":{"start":{"line":1,"column":27},"end":{"line":1,"column":44}}}},"statementMap":{"1":{"start":{"line":1,"column":0},"end":{"line":3,"column":2}},"2":{"start":{"line":2,"column":2},"end":{"line":2,"column":23}},"3":{"start":{"line":5,"column":0},"end":{"line":5,"column":49}},"4":{"start":{"line":6,"column":0},"end":{"line":6,"column":62}},"5":{"start":{"line":7,"column":0},"end":{"line":7,"column":57}},"6":{"start":{"line":8,"column":0},"end":{"line":8,"column":42}},"7":{"start":{"line":9,"column":0},"end":{"line":9,"column":62}},"8":{"start":{"line":11,"column":0},"end":{"line":11,"column":36}}},"branchMap":{}},"/Users/seb/Dropbox/TechnoRadarFork/build-your-own-radar/src/util/exceptionMessages.js":{"path":"/Users/seb/Dropbox/TechnoRadarFork/build-your-own-radar/src/util/exceptionMessages.js","s":{"1":1,"2":1},"b":{},"f":{},"fnMap":{},"statementMap":{"1":{"start":{"line":1,"column":0},"end":{"line":9,"column":2}},"2":{"start":{"line":11,"column":0},"end":{"line":11,"column":35}}},"branchMap":{}},"/Users/seb/Dropbox/TechnoRadarFork/build-your-own-radar/src/util/contentValidator.js":{"path":"/Users/seb/Dropbox/TechnoRadarFork/build-your-own-radar/src/util/contentValidator.js","s":{"1":1,"2":1,"3":1,"4":1,"5":5,"6":5,"7":19,"8":5,"9":2,"10":1,"11":5,"12":3,"13":11,"14":1,"15":5,"16":1},"b":{"1":[1,1],"2":[1,10]},"f":{"1":5,"2":19,"3":2,"4":3,"5":11},"fnMap":{"1":{"name":"(anonymous_1)","line":12,"loc":{"start":{"line":12,"column":25},"end":{"line":12,"column":48}}},"2":{"name":"(anonymous_2)","line":14,"loc":{"start":{"line":14,"column":32},"end":{"line":14,"column":53}}},"3":{"name":"(anonymous_3)","line":18,"loc":{"start":{"line":18,"column":23},"end":{"line":18,"column":34}}},"4":{"name":"(anonymous_4)","line":24,"loc":{"start":{"line":24,"column":23},"end":{"line":24,"column":34}}},"5":{"name":"(anonymous_5)","line":25,"loc":{"start":{"line":25,"column":65},"end":{"line":25,"column":82}}}},"statementMap":{"1":{"start":{"line":1,"column":0},"end":{"line":6,"column":2}},"2":{"start":{"line":8,"column":0},"end":{"line":8,"column":78}},"3":{"start":{"line":9,"column":0},"end":{"line":9,"column":57}},"4":{"start":{"line":12,"column":0},"end":{"line":33,"column":2}},"5":{"start":{"line":13,"column":2},"end":{"line":13,"column":16}},"6":{"start":{"line":14,"column":2},"end":{"line":16,"column":5}},"7":{"start":{"line":15,"column":4},"end":{"line":15,"column":29}},"8":{"start":{"line":18,"column":2},"end":{"line":22,"column":4}},"9":{"start":{"line":19,"column":4},"end":{"line":21,"column":5}},"10":{"start":{"line":20,"column":6},"end":{"line":20,"column":70}},"11":{"start":{"line":24,"column":2},"end":{"line":30,"column":4}},"12":{"start":{"line":25,"column":4},"end":{"line":29,"column":7}},"13":{"start":{"line":26,"column":6},"end":{"line":28,"column":7}},"14":{"start":{"line":27,"column":8},"end":{"line":27,"column":72}},"15":{"start":{"line":32,"column":2},"end":{"line":32,"column":14}},"16":{"start":{"line":35,"column":0},"end":{"line":35,"column":34}}},"branchMap":{"1":{"line":19,"type":"if","locations":[{"start":{"line":19,"column":4},"end":{"line":19,"column":4}},{"start":{"line":19,"column":4},"end":{"line":19,"column":4}}]},"2":{"line":26,"type":"if","locations":[{"start":{"line":26,"column":6},"end":{"line":26,"column":6}},{"start":{"line":26,"column":6},"end":{"line":26,"column":6}}]}}},"/Users/seb/Dropbox/TechnoRadarFork/build-your-own-radar/src/util/inputSanitizer.js":{"path":"/Users/seb/Dropbox/TechnoRadarFork/build-your-own-radar/src/util/inputSanitizer.js","s":{"1":1,"2":1,"3":1,"4":1,"5":1,"6":11,"7":1,"8":2,"9":2,"10":7,"11":2,"12":1,"13":1,"14":2,"15":2,"16":2,"17":2,"18":2,"19":2,"20":2,"21":1,"22":1},"b":{},"f":{"1":1,"2":11,"3":2,"4":7,"5":2},"fnMap":{"1":{"name":"(anonymous_1)","line":6,"loc":{"start":{"line":6,"column":23},"end":{"line":6,"column":35}}},"2":{"name":"(anonymous_2)","line":18,"loc":{"start":{"line":18,"column":20},"end":{"line":18,"column":35}}},"3":{"name":"trimWhiteSpaces","line":23,"loc":{"start":{"line":23,"column":4},"end":{"line":23,"column":35}}},"4":{"name":"(anonymous_4)","line":25,"loc":{"start":{"line":25,"column":21},"end":{"line":25,"column":42}}},"5":{"name":"(anonymous_5)","line":32,"loc":{"start":{"line":32,"column":20},"end":{"line":32,"column":39}}}},"statementMap":{"1":{"start":{"line":1,"column":0},"end":{"line":1,"column":46}},"2":{"start":{"line":2,"column":0},"end":{"line":4,"column":1}},"3":{"start":{"line":6,"column":0},"end":{"line":44,"column":2}},"4":{"start":{"line":7,"column":4},"end":{"line":13,"column":6}},"5":{"start":{"line":15,"column":4},"end":{"line":21,"column":6}},"6":{"start":{"line":19,"column":14},"end":{"line":19,"column":48}},"7":{"start":{"line":23,"column":4},"end":{"line":29,"column":5}},"8":{"start":{"line":24,"column":6},"end":{"line":24,"column":29}},"9":{"start":{"line":25,"column":6},"end":{"line":27,"column":9}},"10":{"start":{"line":26,"column":8},"end":{"line":26,"column":49}},"11":{"start":{"line":28,"column":6},"end":{"line":28,"column":27}},"12":{"start":{"line":31,"column":4},"end":{"line":31,"column":18}},"13":{"start":{"line":32,"column":4},"end":{"line":41,"column":6}},"14":{"start":{"line":33,"column":6},"end":{"line":33,"column":42}},"15":{"start":{"line":34,"column":6},"end":{"line":34,"column":72}},"16":{"start":{"line":35,"column":6},"end":{"line":35,"column":61}},"17":{"start":{"line":36,"column":6},"end":{"line":36,"column":63}},"18":{"start":{"line":37,"column":6},"end":{"line":37,"column":61}},"19":{"start":{"line":38,"column":6},"end":{"line":38,"column":69}},"20":{"start":{"line":40,"column":6},"end":{"line":40,"column":18}},"21":{"start":{"line":43,"column":4},"end":{"line":43,"column":16}},"22":{"start":{"line":46,"column":0},"end":{"line":46,"column":32}}},"branchMap":{}},"/Users/seb/Dropbox/TechnoRadarFork/build-your-own-radar/src/util/sheet.js":{"path":"/Users/seb/Dropbox/TechnoRadarFork/build-your-own-radar/src/util/sheet.js","s":{"1":1,"2":1,"3":1,"4":6,"5":6,"6":0,"7":0,"8":0,"9":0,"10":0,"11":0,"12":0,"13":0,"14":0,"15":6,"16":1},"b":{"1":[0,0],"2":[0,0]},"f":{"1":6,"2":0,"3":0},"fnMap":{"1":{"name":"(anonymous_1)","line":4,"loc":{"start":{"line":4,"column":14},"end":{"line":4,"column":40}}},"2":{"name":"(anonymous_2)","line":12,"loc":{"start":{"line":12,"column":18},"end":{"line":12,"column":38}}},"3":{"name":"(anonymous_3)","line":18,"loc":{"start":{"line":18,"column":33},"end":{"line":18,"column":45}}}},"statementMap":{"1":{"start":{"line":1,"column":0},"end":{"line":1,"column":78}},"2":{"start":{"line":2,"column":0},"end":{"line":2,"column":57}},"3":{"start":{"line":4,"column":0},"end":{"line":31,"column":2}},"4":{"start":{"line":5,"column":4},"end":{"line":5,"column":18}},"5":{"start":{"line":12,"column":4},"end":{"line":28,"column":6}},"6":{"start":{"line":13,"column":8},"end":{"line":13,"column":111}},"7":{"start":{"line":16,"column":8},"end":{"line":16,"column":39}},"8":{"start":{"line":17,"column":8},"end":{"line":17,"column":39}},"9":{"start":{"line":18,"column":8},"end":{"line":26,"column":10}},"10":{"start":{"line":19,"column":12},"end":{"line":25,"column":13}},"11":{"start":{"line":20,"column":16},"end":{"line":24,"column":17}},"12":{"start":{"line":21,"column":20},"end":{"line":21,"column":38}},"13":{"start":{"line":23,"column":20},"end":{"line":23,"column":95}},"14":{"start":{"line":27,"column":8},"end":{"line":27,"column":23}},"15":{"start":{"line":30,"column":4},"end":{"line":30,"column":16}},"16":{"start":{"line":33,"column":0},"end":{"line":33,"column":23}}},"branchMap":{"1":{"line":19,"type":"if","locations":[{"start":{"line":19,"column":12},"end":{"line":19,"column":12}},{"start":{"line":19,"column":12},"end":{"line":19,"column":12}}]},"2":{"line":20,"type":"if","locations":[{"start":{"line":20,"column":16},"end":{"line":20,"column":16}},{"start":{"line":20,"column":16},"end":{"line":20,"column":16}}]}}},"/Users/seb/Dropbox/TechnoRadarFork/build-your-own-radar/src/exceptions/sheetNotFoundError.js":{"path":"/Users/seb/Dropbox/TechnoRadarFork/build-your-own-radar/src/exceptions/sheetNotFoundError.js","s":{"1":1,"2":0,"3":1,"4":1,"5":1,"6":1,"7":1,"8":1},"b":{},"f":{"1":0},"fnMap":{"1":{"name":"(anonymous_1)","line":1,"loc":{"start":{"line":1,"column":27},"end":{"line":1,"column":44}}}},"statementMap":{"1":{"start":{"line":1,"column":0},"end":{"line":3,"column":2}},"2":{"start":{"line":2,"column":4},"end":{"line":2,"column":25}},"3":{"start":{"line":5,"column":0},"end":{"line":5,"column":49}},"4":{"start":{"line":6,"column":0},"end":{"line":6,"column":62}},"5":{"start":{"line":7,"column":0},"end":{"line":7,"column":57}},"6":{"start":{"line":8,"column":0},"end":{"line":8,"column":42}},"7":{"start":{"line":9,"column":0},"end":{"line":9,"column":62}},"8":{"start":{"line":11,"column":0},"end":{"line":11,"column":36}}},"branchMap":{}},"/Users/seb/Dropbox/TechnoRadarFork/build-your-own-radar/src/site.js":{"path":"/Users/seb/Dropbox/TechnoRadarFork/build-your-own-radar/src/site.js","s":{"1":0,"2":0,"3":0,"4":0,"5":0,"6":0,"7":0,"8":0},"b":{},"f":{},"fnMap":{},"statementMap":{"1":{"start":{"line":1,"column":0},"end":{"line":1,"column":35}},"2":{"start":{"line":2,"column":0},"end":{"line":2,"column":32}},"3":{"start":{"line":3,"column":0},"end":{"line":3,"column":37}},"4":{"start":{"line":5,"column":0},"end":{"line":5,"column":50}},"5":{"start":{"line":7,"column":0},"end":{"line":7,"column":27}},"6":{"start":{"line":8,"column":0},"end":{"line":8,"column":44}},"7":{"start":{"line":10,"column":0},"end":{"line":10,"column":51}},"8":{"start":{"line":13,"column":0},"end":{"line":13,"column":26}}},"branchMap":{}},"/Users/seb/Dropbox/TechnoRadarFork/build-your-own-radar/src/util/factory.js":{"path":"/Users/seb/Dropbox/TechnoRadarFork/build-your-own-radar/src/util/factory.js","s":{"1":0,"2":0,"3":0,"4":0,"5":0,"6":0,"7":0,"8":0,"9":0,"10":0,"11":0,"12":0,"13":0,"14":0,"15":0,"16":0,"17":0,"18":0,"19":0,"20":0,"21":0,"22":0,"23":0,"24":0,"25":0,"26":0,"27":0,"28":0,"29":0,"30":0,"31":0,"32":0,"33":0,"34":0,"35":0,"36":0,"37":0,"38":0,"39":0,"40":0,"41":0,"42":0,"43":0,"44":0,"45":0,"46":0,"47":0,"48":0,"49":0,"50":0,"51":0,"52":0,"53":0,"54":0,"55":0,"56":0,"57":0,"58":0,"59":0,"60":0,"61":0,"62":0,"63":0,"64":0,"65":0,"66":0,"67":0,"68":0,"69":0,"70":0,"71":0,"72":0,"73":0,"74":0,"75":0,"76":0,"77":0,"78":0,"79":0,"80":0,"81":0,"82":0,"83":0,"84":0,"85":0,"86":0,"87":0,"88":0,"89":0,"90":0,"91":0,"92":0,"93":0,"94":0,"95":0,"96":0,"97":0,"98":0,"99":0,"100":0,"101":0,"102":0,"103":0,"104":0,"105":0,"106":0,"107":0,"108":0,"109":0,"110":0,"111":0,"112":0,"113":0,"114":0,"115":0,"116":0,"117":0,"118":0,"119":0,"120":0,"121":0,"122":0,"123":0,"124":0,"125":0,"126":0,"127":0,"128":0,"129":0,"130":0,"131":0,"132":0,"133":0,"134":0,"135":0,"136":0,"137":0,"138":0,"139":0,"140":0,"141":0,"142":0,"143":0,"144":0,"145":0,"146":0,"147":0,"148":0,"149":0,"150":0,"151":0,"152":0,"153":0,"154":0,"155":0},"b":{"1":[0,0],"2":[0,0],"3":[0,0],"4":[0,0],"5":[0,0],"6":[0,0]},"f":{"1":0,"2":0,"3":0,"4":0,"5":0,"6":0,"7":0,"8":0,"9":0,"10":0,"11":0,"12":0,"13":0,"14":0,"15":0,"16":0,"17":0,"18":0,"19":0,"20":0,"21":0,"22":0,"23":0,"24":0},"fnMap":{"1":{"name":"(anonymous_1)","line":20,"loc":{"start":{"line":20,"column":19},"end":{"line":20,"column":52}}},"2":{"name":"(anonymous_2)","line":24,"loc":{"start":{"line":24,"column":17},"end":{"line":24,"column":29}}},"3":{"name":"(anonymous_3)","line":38,"loc":{"start":{"line":38,"column":22},"end":{"line":38,"column":34}}},"4":{"name":"createRadar","line":69,"loc":{"start":{"line":69,"column":8},"end":{"line":69,"column":52}}},"5":{"name":"(anonymous_5)","line":91,"loc":{"start":{"line":91,"column":30},"end":{"line":91,"column":53}}},"6":{"name":"(anonymous_6)","line":97,"loc":{"start":{"line":97,"column":30},"end":{"line":97,"column":46}}},"7":{"name":"(anonymous_7)","line":111,"loc":{"start":{"line":111,"column":34},"end":{"line":111,"column":54}}},"8":{"name":"getColumnNames","line":124,"loc":{"start":{"line":124,"column":8},"end":{"line":124,"column":44}}},"9":{"name":"getElements","line":141,"loc":{"start":{"line":141,"column":8},"end":{"line":141,"column":41}}},"10":{"name":"(anonymous_10)","line":179,"loc":{"start":{"line":179,"column":16},"end":{"line":179,"column":28}}},"11":{"name":"(anonymous_11)","line":202,"loc":{"start":{"line":202,"column":18},"end":{"line":202,"column":41}}},"12":{"name":"(anonymous_12)","line":203,"loc":{"start":{"line":203,"column":17},"end":{"line":203,"column":30}}},"13":{"name":"getFiles","line":219,"loc":{"start":{"line":219,"column":0},"end":{"line":219,"column":29}}},"14":{"name":"(anonymous_14)","line":230,"loc":{"start":{"line":230,"column":18},"end":{"line":230,"column":30}}},"15":{"name":"(anonymous_15)","line":235,"loc":{"start":{"line":235,"column":33},"end":{"line":235,"column":45}}},"16":{"name":"(anonymous_16)","line":252,"loc":{"start":{"line":252,"column":12},"end":{"line":252,"column":24}}},"17":{"name":"(anonymous_17)","line":258,"loc":{"start":{"line":258,"column":17},"end":{"line":258,"column":29}}},"18":{"name":"(anonymous_18)","line":285,"loc":{"start":{"line":285,"column":21},"end":{"line":285,"column":41}}},"19":{"name":"(anonymous_19)","line":287,"loc":{"start":{"line":287,"column":39},"end":{"line":287,"column":54}}},"20":{"name":"set_document_title","line":307,"loc":{"start":{"line":307,"column":0},"end":{"line":307,"column":30}}},"21":{"name":"plotLogo","line":311,"loc":{"start":{"line":311,"column":0},"end":{"line":311,"column":27}}},"22":{"name":"plotFooter","line":317,"loc":{"start":{"line":317,"column":0},"end":{"line":317,"column":29}}},"23":{"name":"plotVersionsList","line":327,"loc":{"start":{"line":327,"column":0},"end":{"line":327,"column":40}}},"24":{"name":"plotBanner","line":335,"loc":{"start":{"line":335,"column":0},"end":{"line":335,"column":35}}}},"statementMap":{"1":{"start":{"line":1,"column":0},"end":{"line":1,"column":25}},"2":{"start":{"line":2,"column":0},"end":{"line":7,"column":2}},"3":{"start":{"line":9,"column":0},"end":{"line":9,"column":29}},"4":{"start":{"line":10,"column":0},"end":{"line":10,"column":51}},"5":{"start":{"line":11,"column":0},"end":{"line":11,"column":41}},"6":{"start":{"line":12,"column":0},"end":{"line":12,"column":47}},"7":{"start":{"line":13,"column":0},"end":{"line":13,"column":39}},"8":{"start":{"line":14,"column":0},"end":{"line":14,"column":39}},"9":{"start":{"line":15,"column":0},"end":{"line":15,"column":51}},"10":{"start":{"line":16,"column":0},"end":{"line":16,"column":55}},"11":{"start":{"line":17,"column":0},"end":{"line":17,"column":36}},"12":{"start":{"line":18,"column":0},"end":{"line":18,"column":29}},"13":{"start":{"line":20,"column":0},"end":{"line":199,"column":1}},"14":{"start":{"line":22,"column":4},"end":{"line":22,"column":18}},"15":{"start":{"line":24,"column":4},"end":{"line":177,"column":6}},"16":{"start":{"line":26,"column":8},"end":{"line":26,"column":37}},"17":{"start":{"line":28,"column":8},"end":{"line":30,"column":9}},"18":{"start":{"line":29,"column":12},"end":{"line":29,"column":35}},"19":{"start":{"line":32,"column":8},"end":{"line":32,"column":40}},"20":{"start":{"line":34,"column":8},"end":{"line":34,"column":36}},"21":{"start":{"line":35,"column":8},"end":{"line":35,"column":42}},"22":{"start":{"line":38,"column":8},"end":{"line":65,"column":9}},"23":{"start":{"line":39,"column":12},"end":{"line":39,"column":27}},"24":{"start":{"line":41,"column":12},"end":{"line":41,"column":44}},"25":{"start":{"line":44,"column":12},"end":{"line":44,"column":51}},"26":{"start":{"line":45,"column":12},"end":{"line":45,"column":34}},"27":{"start":{"line":47,"column":12},"end":{"line":49,"column":13}},"28":{"start":{"line":48,"column":16},"end":{"line":48,"column":54}},"29":{"start":{"line":51,"column":12},"end":{"line":51,"column":36}},"30":{"start":{"line":54,"column":12},"end":{"line":54,"column":60}},"31":{"start":{"line":56,"column":12},"end":{"line":56,"column":34}},"32":{"start":{"line":59,"column":12},"end":{"line":59,"column":54}},"33":{"start":{"line":61,"column":12},"end":{"line":61,"column":56}},"34":{"start":{"line":63,"column":12},"end":{"line":63,"column":47}},"35":{"start":{"line":67,"column":8},"end":{"line":67,"column":20}},"36":{"start":{"line":69,"column":8},"end":{"line":122,"column":9}},"37":{"start":{"line":71,"column":12},"end":{"line":121,"column":13}},"38":{"start":{"line":73,"column":16},"end":{"line":73,"column":60}},"39":{"start":{"line":75,"column":16},"end":{"line":75,"column":73}},"40":{"start":{"line":76,"column":16},"end":{"line":76,"column":49}},"41":{"start":{"line":77,"column":16},"end":{"line":77,"column":49}},"42":{"start":{"line":79,"column":16},"end":{"line":79,"column":49}},"43":{"start":{"line":82,"column":16},"end":{"line":82,"column":70}},"44":{"start":{"line":84,"column":16},"end":{"line":84,"column":45}},"45":{"start":{"line":85,"column":16},"end":{"line":85,"column":53}},"46":{"start":{"line":87,"column":16},"end":{"line":87,"column":67}},"47":{"start":{"line":88,"column":16},"end":{"line":88,"column":33}},"48":{"start":{"line":89,"column":16},"end":{"line":89,"column":33}},"49":{"start":{"line":91,"column":16},"end":{"line":94,"column":19}},"50":{"start":{"line":93,"column":20},"end":{"line":93,"column":62}},"51":{"start":{"line":96,"column":16},"end":{"line":96,"column":35}},"52":{"start":{"line":97,"column":16},"end":{"line":108,"column":19}},"53":{"start":{"line":98,"column":20},"end":{"line":100,"column":21}},"54":{"start":{"line":99,"column":24},"end":{"line":99,"column":93}},"55":{"start":{"line":102,"column":20},"end":{"line":107,"column":50}},"56":{"start":{"line":110,"column":16},"end":{"line":110,"column":40}},"57":{"start":{"line":111,"column":16},"end":{"line":113,"column":19}},"58":{"start":{"line":112,"column":20},"end":{"line":112,"column":47}},"59":{"start":{"line":115,"column":16},"end":{"line":115,"column":93}},"60":{"start":{"line":117,"column":16},"end":{"line":117,"column":61}},"61":{"start":{"line":120,"column":16},"end":{"line":120,"column":39}},"62":{"start":{"line":124,"column":8},"end":{"line":139,"column":9}},"63":{"start":{"line":125,"column":12},"end":{"line":125,"column":33}},"64":{"start":{"line":127,"column":12},"end":{"line":127,"column":67}},"65":{"start":{"line":128,"column":12},"end":{"line":128,"column":38}},"66":{"start":{"line":130,"column":12},"end":{"line":136,"column":13}},"67":{"start":{"line":131,"column":16},"end":{"line":131,"column":77}},"68":{"start":{"line":133,"column":16},"end":{"line":135,"column":17}},"69":{"start":{"line":134,"column":20},"end":{"line":134,"column":45}},"70":{"start":{"line":138,"column":12},"end":{"line":138,"column":31}},"71":{"start":{"line":141,"column":8},"end":{"line":176,"column":9}},"72":{"start":{"line":142,"column":12},"end":{"line":142,"column":34}},"73":{"start":{"line":144,"column":12},"end":{"line":144,"column":67}},"74":{"start":{"line":145,"column":12},"end":{"line":145,"column":42}},"75":{"start":{"line":148,"column":12},"end":{"line":173,"column":13}},"76":{"start":{"line":151,"column":16},"end":{"line":151,"column":30}},"77":{"start":{"line":153,"column":16},"end":{"line":153,"column":79}},"78":{"start":{"line":154,"column":16},"end":{"line":154,"column":79}},"79":{"start":{"line":155,"column":16},"end":{"line":155,"column":83}},"80":{"start":{"line":156,"column":16},"end":{"line":156,"column":80}},"81":{"start":{"line":157,"column":16},"end":{"line":157,"column":86}},"82":{"start":{"line":159,"column":16},"end":{"line":159,"column":34}},"83":{"start":{"line":160,"column":16},"end":{"line":160,"column":40}},"84":{"start":{"line":162,"column":16},"end":{"line":162,"column":46}},"85":{"start":{"line":164,"column":16},"end":{"line":164,"column":77}},"86":{"start":{"line":166,"column":16},"end":{"line":168,"column":17}},"87":{"start":{"line":167,"column":20},"end":{"line":167,"column":41}},"88":{"start":{"line":171,"column":16},"end":{"line":171,"column":40}},"89":{"start":{"line":175,"column":12},"end":{"line":175,"column":32}},"90":{"start":{"line":179,"column":4},"end":{"line":196,"column":6}},"91":{"start":{"line":180,"column":8},"end":{"line":184,"column":42}},"92":{"start":{"line":186,"column":8},"end":{"line":186,"column":29}},"93":{"start":{"line":188,"column":8},"end":{"line":188,"column":26}},"94":{"start":{"line":190,"column":8},"end":{"line":190,"column":82}},"95":{"start":{"line":191,"column":8},"end":{"line":191,"column":40}},"96":{"start":{"line":192,"column":8},"end":{"line":192,"column":28}},"97":{"start":{"line":195,"column":8},"end":{"line":195,"column":20}},"98":{"start":{"line":198,"column":4},"end":{"line":198,"column":16}},"99":{"start":{"line":202,"column":0},"end":{"line":215,"column":2}},"100":{"start":{"line":203,"column":4},"end":{"line":205,"column":6}},"101":{"start":{"line":204,"column":8},"end":{"line":204,"column":57}},"102":{"start":{"line":207,"column":4},"end":{"line":207,"column":38}},"103":{"start":{"line":209,"column":4},"end":{"line":209,"column":25}},"104":{"start":{"line":210,"column":4},"end":{"line":210,"column":14}},"105":{"start":{"line":211,"column":4},"end":{"line":212,"column":57}},"106":{"start":{"line":212,"column":8},"end":{"line":212,"column":57}},"107":{"start":{"line":214,"column":4},"end":{"line":214,"column":22}},"108":{"start":{"line":219,"column":0},"end":{"line":247,"column":1}},"109":{"start":{"line":220,"column":4},"end":{"line":220,"column":25}},"110":{"start":{"line":222,"column":4},"end":{"line":222,"column":25}},"111":{"start":{"line":223,"column":4},"end":{"line":223,"column":53}},"112":{"start":{"line":225,"column":4},"end":{"line":225,"column":36}},"113":{"start":{"line":226,"column":4},"end":{"line":226,"column":36}},"114":{"start":{"line":227,"column":4},"end":{"line":227,"column":32}},"115":{"start":{"line":228,"column":4},"end":{"line":228,"column":31}},"116":{"start":{"line":230,"column":4},"end":{"line":240,"column":5}},"117":{"start":{"line":231,"column":8},"end":{"line":231,"column":39}},"118":{"start":{"line":235,"column":8},"end":{"line":237,"column":10}},"119":{"start":{"line":236,"column":12},"end":{"line":236,"column":27}},"120":{"start":{"line":239,"column":8},"end":{"line":239,"column":29}},"121":{"start":{"line":242,"column":4},"end":{"line":242,"column":16}},"122":{"start":{"line":244,"column":4},"end":{"line":244,"column":24}},"123":{"start":{"line":252,"column":0},"end":{"line":305,"column":2}},"124":{"start":{"line":255,"column":2},"end":{"line":255,"column":16}},"125":{"start":{"line":258,"column":4},"end":{"line":302,"column":6}},"126":{"start":{"line":261,"column":8},"end":{"line":261,"column":75}},"127":{"start":{"line":262,"column":8},"end":{"line":262,"column":33}},"128":{"start":{"line":266,"column":8},"end":{"line":301,"column":9}},"129":{"start":{"line":267,"column":12},"end":{"line":267,"column":64}},"130":{"start":{"line":268,"column":12},"end":{"line":268,"column":33}},"131":{"start":{"line":271,"column":12},"end":{"line":273,"column":46}},"132":{"start":{"line":275,"column":12},"end":{"line":275,"column":33}},"133":{"start":{"line":277,"column":12},"end":{"line":277,"column":30}},"134":{"start":{"line":279,"column":12},"end":{"line":279,"column":69}},"135":{"start":{"line":281,"column":12},"end":{"line":281,"column":39}},"136":{"start":{"line":285,"column":12},"end":{"line":299,"column":15}},"137":{"start":{"line":286,"column":16},"end":{"line":286,"column":38}},"138":{"start":{"line":287,"column":16},"end":{"line":289,"column":19}},"139":{"start":{"line":288,"column":20},"end":{"line":288,"column":173}},"140":{"start":{"line":291,"column":16},"end":{"line":291,"column":66}},"141":{"start":{"line":293,"column":16},"end":{"line":293,"column":48}},"142":{"start":{"line":295,"column":16},"end":{"line":295,"column":55}},"143":{"start":{"line":297,"column":16},"end":{"line":297,"column":36}},"144":{"start":{"line":304,"column":4},"end":{"line":304,"column":16}},"145":{"start":{"line":307,"column":0},"end":{"line":309,"column":1}},"146":{"start":{"line":308,"column":4},"end":{"line":308,"column":43}},"147":{"start":{"line":311,"column":0},"end":{"line":315,"column":1}},"148":{"start":{"line":312,"column":4},"end":{"line":314,"column":66}},"149":{"start":{"line":317,"column":0},"end":{"line":326,"column":1}},"150":{"start":{"line":318,"column":4},"end":{"line":324,"column":120}},"151":{"start":{"line":327,"column":0},"end":{"line":332,"column":1}},"152":{"start":{"line":328,"column":4},"end":{"line":331,"column":20}},"153":{"start":{"line":335,"column":0},"end":{"line":343,"column":1}},"154":{"start":{"line":338,"column":4},"end":{"line":340,"column":20}},"155":{"start":{"line":346,"column":0},"end":{"line":346,"column":21}}},"branchMap":{"1":{"line":28,"type":"if","locations":[{"start":{"line":28,"column":8},"end":{"line":28,"column":8}},{"start":{"line":28,"column":8},"end":{"line":28,"column":8}}]},"2":{"line":98,"type":"if","locations":[{"start":{"line":98,"column":20},"end":{"line":98,"column":20}},{"start":{"line":98,"column":20},"end":{"line":98,"column":20}}]},"3":{"line":115,"type":"cond-expr","locations":[{"start":{"line":115,"column":62},"end":{"line":115,"column":65}},{"start":{"line":115,"column":68},"end":{"line":115,"column":92}}]},"4":{"line":133,"type":"if","locations":[{"start":{"line":133,"column":16},"end":{"line":133,"column":16}},{"start":{"line":133,"column":16},"end":{"line":133,"column":16}}]},"5":{"line":166,"type":"if","locations":[{"start":{"line":166,"column":16},"end":{"line":166,"column":16}},{"start":{"line":166,"column":16},"end":{"line":166,"column":16}}]},"6":{"line":266,"type":"if","locations":[{"start":{"line":266,"column":8},"end":{"line":266,"column":8}},{"start":{"line":266,"column":8},"end":{"line":266,"column":8}}]}}}}