TN:
SF:/Users/seb/Dropbox/TechnoRadarFork/build-your-own-radar/src/graphing/radar.js
FN:8,(anonymous_1)
FN:11,(anonymous_2)
FN:15,(anonymous_3)
FN:30,center
FN:34,toRadian
FN:38,plotLines
FN:62,plotQuadrant
FN:69,(anonymous_8)
FN:85,plotTexts
FN:86,(anonymous_10)
FN:105,triangle
FN:111,triangleLegend
FN:116,circle
FN:123,circleLegend
FN:129,addRing
FN:135,calculateBlipCoordinates
FN:150,thereIsCollision
FN:151,(anonymous_18)
FN:156,plotBlips
FN:169,(anonymous_20)
FN:175,(anonymous_21)
FN:179,(anonymous_22)
FN:182,(anonymous_23)
FN:190,(anonymous_24)
FN:237,(anonymous_25)
FN:244,(anonymous_26)
FN:253,(anonymous_27)
FN:258,(anonymous_28)
FN:269,removeHomeLink
FN:273,createHomeLink
FN:287,removeRadarLegend
FN:291,drawLegend
FN:349,redrawFullRadar
FN:376,plotRadarHeader
FN:394,plotQuadrantButtons
FN:396,addButton
FN:410,(anonymous_37)
FN:423,(anonymous_38)
FN:431,plotRadarFooter
FN:441,mouseoverQuadrant
FN:446,mouseoutQuadrant
FN:450,selectQuadrant
FN:482,(anonymous_43)
FN:507,(anonymous_44)
FN:512,(anonymous_45)
FN:525,(anonymous_46)
FNF:46
FNH:0
FNDA:0,(anonymous_1)
FNDA:0,(anonymous_2)
FNDA:0,(anonymous_3)
FNDA:0,center
FNDA:0,toRadian
FNDA:0,plotLines
FNDA:0,plotQuadrant
FNDA:0,(anonymous_8)
FNDA:0,plotTexts
FNDA:0,(anonymous_10)
FNDA:0,triangle
FNDA:0,triangleLegend
FNDA:0,circle
FNDA:0,circleLegend
FNDA:0,addRing
FNDA:0,calculateBlipCoordinates
FNDA:0,thereIsCollision
FNDA:0,(anonymous_18)
FNDA:0,plotBlips
FNDA:0,(anonymous_20)
FNDA:0,(anonymous_21)
FNDA:0,(anonymous_22)
FNDA:0,(anonymous_23)
FNDA:0,(anonymous_24)
FNDA:0,(anonymous_25)
FNDA:0,(anonymous_26)
FNDA:0,(anonymous_27)
FNDA:0,(anonymous_28)
FNDA:0,removeHomeLink
FNDA:0,createHomeLink
FNDA:0,removeRadarLegend
FNDA:0,drawLegend
FNDA:0,redrawFullRadar
FNDA:0,plotRadarHeader
FNDA:0,plotQuadrantButtons
FNDA:0,addButton
FNDA:0,(anonymous_37)
FNDA:0,(anonymous_38)
FNDA:0,plotRadarFooter
FNDA:0,mouseoverQuadrant
FNDA:0,mouseoutQuadrant
FNDA:0,selectQuadrant
FNDA:0,(anonymous_43)
FNDA:0,(anonymous_44)
FNDA:0,(anonymous_45)
FNDA:0,(anonymous_46)
DA:1,1
DA:2,1
DA:3,1
DA:4,1
DA:6,1
DA:8,1
DA:9,0
DA:11,0
DA:12,0
DA:15,0
DA:16,0
DA:17,0
DA:18,0
DA:19,0
DA:21,0
DA:23,0
DA:26,0
DA:28,0
DA:30,1
DA:31,0
DA:34,1
DA:35,0
DA:38,1
DA:39,0
DA:40,0
DA:42,0
DA:43,0
DA:45,0
DA:46,0
DA:47,0
DA:48,0
DA:51,0
DA:56,0
DA:62,1
DA:63,0
DA:69,0
DA:70,0
DA:76,0
DA:82,0
DA:85,1
DA:86,0
DA:87,0
DA:88,0
DA:95,0
DA:105,1
DA:106,0
DA:111,1
DA:112,0
DA:116,1
DA:117,0
DA:123,1
DA:124,0
DA:129,1
DA:130,0
DA:131,0
DA:132,0
DA:135,1
DA:136,0
DA:137,0
DA:139,0
DA:140,0
DA:141,0
DA:142,0
DA:144,0
DA:145,0
DA:147,0
DA:150,1
DA:151,0
DA:152,0
DA:156,1
DA:157,0
DA:159,0
DA:160,0
DA:161,0
DA:163,0
DA:168,0
DA:169,0
DA:170,0
DA:172,0
DA:173,0
DA:175,0
DA:176,0
DA:179,0
DA:180,0
DA:182,0
DA:183,0
DA:185,0
DA:187,0
DA:188,0
DA:190,0
DA:191,0
DA:192,0
DA:193,0
DA:195,0
DA:196,0
DA:197,0
DA:200,0
DA:201,0
DA:202,0
DA:203,0
DA:205,0
DA:207,0
DA:208,0
DA:210,0
DA:213,0
DA:220,0
DA:222,0
DA:224,0
DA:228,0
DA:233,0
DA:234,0
DA:237,0
DA:238,0
DA:239,0
DA:240,0
DA:241,0
DA:244,0
DA:245,0
DA:246,0
DA:247,0
DA:250,0
DA:251,0
DA:253,0
DA:254,0
DA:256,0
DA:258,0
DA:259,0
DA:263,0
DA:269,1
DA:270,0
DA:273,1
DA:274,0
DA:275,0
DA:287,1
DA:288,0
DA:291,1
DA:292,0
DA:294,0
DA:295,0
DA:297,0
DA:300,0
DA:301,0
DA:304,0
DA:305,0
DA:306,0
DA:309,0
DA:310,0
DA:311,0
DA:314,0
DA:315,0
DA:316,0
DA:319,0
DA:320,0
DA:321,0
DA:324,0
DA:329,0
DA:331,0
DA:339,0
DA:341,0
DA:349,1
DA:350,0
DA:351,0
DA:353,0
DA:355,0
DA:359,0
DA:360,0
DA:362,0
DA:367,0
DA:372,0
DA:376,1
DA:377,0
DA:378,0
DA:391,0
DA:394,1
DA:396,1
DA:397,0
DA:402,0
DA:410,0
DA:411,0
DA:415,0
DA:420,0
DA:424,0
DA:431,1
DA:432,0
DA:441,1
DA:442,0
DA:443,0
DA:446,1
DA:447,0
DA:450,1
DA:451,0
DA:452,0
DA:454,0
DA:455,0
DA:456,0
DA:457,0
DA:458,0
DA:460,0
DA:462,0
DA:463,0
DA:465,0
DA:466,0
DA:468,0
DA:469,0
DA:471,0
DA:472,0
DA:474,0
DA:475,0
DA:477,0
DA:478,0
DA:482,0
DA:483,0
DA:484,0
DA:485,0
DA:491,0
DA:494,0
DA:502,0
DA:503,0
DA:507,0
DA:508,0
DA:509,0
DA:512,0
DA:513,0
DA:515,0
DA:516,0
DA:517,0
DA:519,0
DA:521,0
DA:522,0
DA:523,0
DA:525,0
DA:526,0
DA:527,0
DA:528,0
DA:529,0
DA:532,0
DA:535,0
DA:538,1
LF:238
LH:32
BRDA:16,1,0,0
BRDA:16,1,1,0
BRDA:18,2,0,0
BRDA:18,2,1,0
BRDA:18,3,0,0
BRDA:18,3,1,0
BRDA:45,4,0,0
BRDA:45,4,1,0
BRDA:87,5,0,0
BRDA:87,5,1,0
BRDA:87,6,0,0
BRDA:87,6,1,0
BRDA:117,7,0,0
BRDA:117,7,1,0
BRDA:124,8,0,0
BRDA:124,8,1,0
BRDA:141,9,0,0
BRDA:141,9,1,0
BRDA:152,10,0,0
BRDA:152,10,1,0
BRDA:195,11,0,0
BRDA:195,11,1,0
BRDA:200,12,0,0
BRDA:200,12,1,0
BRDA:207,13,0,0
BRDA:207,13,1,0
BRDA:222,14,0,0
BRDA:222,14,1,0
BRDA:226,15,0,0
BRDA:226,15,1,0
BRDA:233,16,0,0
BRDA:233,16,1,0
BRDA:254,17,0,0
BRDA:254,17,1,0
BRDA:274,18,0,0
BRDA:274,18,1,0
BRDA:304,19,0,0
BRDA:304,19,1,0
BRDA:309,20,0,0
BRDA:309,20,1,0
BRDA:314,21,0,0
BRDA:314,21,1,0
BRDA:319,22,0,0
BRDA:319,22,1,0
BRDA:502,23,0,0
BRDA:502,23,1,0
BRF:46
BRH:0
end_of_record
TN:
SF:/Users/seb/Dropbox/TechnoRadarFork/build-your-own-radar/src/util/ringCalculator.js
FN:1,(anonymous_1)
FN:6,(anonymous_2)
FN:7,(anonymous_3)
FN:12,(anonymous_4)
FNF:4
FNH:4
FNDA:1,(anonymous_1)
FNDA:3,(anonymous_2)
FNDA:15,(anonymous_3)
FNDA:1,(anonymous_4)
DA:1,1
DA:2,1
DA:4,1
DA:6,1
DA:7,3
DA:8,15
DA:12,1
DA:13,1
DA:14,1
DA:16,1
DA:19,1
DA:22,1
LF:12
LH:12
BRF:0
BRH:0
end_of_record
TN:
SF:/Users/seb/Dropbox/TechnoRadarFork/build-your-own-radar/src/models/quadrant.js
FN:1,(anonymous_1)
FN:7,(anonymous_2)
FN:11,(anonymous_3)
FN:19,(anonymous_4)
FNF:4
FNH:4
FNDA:26,(anonymous_1)
FNDA:1,(anonymous_2)
FNDA:15,(anonymous_3)
FNDA:49,(anonymous_4)
DA:1,1
DA:2,26
DA:4,26
DA:5,26
DA:7,26
DA:8,1
DA:11,26
DA:12,15
DA:13,14
DA:15,1
DA:19,26
DA:20,49
DA:23,26
DA:26,1
LF:14
LH:14
BRDA:12,1,0,14
BRDA:12,1,1,1
BRF:2
BRH:2
end_of_record
TN:
SF:/Users/seb/Dropbox/TechnoRadarFork/build-your-own-radar/src/models/ring.js
FN:1,(anonymous_1)
FN:4,(anonymous_2)
FN:8,(anonymous_3)
FNF:3
FNH:3
FNDA:24,(anonymous_1)
FNDA:10,(anonymous_2)
FNDA:7,(anonymous_3)
DA:1,1
DA:2,24
DA:4,24
DA:5,10
DA:8,24
DA:9,7
DA:12,24
DA:15,1
LF:8
LH:8
BRF:0
BRH:0
end_of_record
TN:
SF:/Users/seb/Dropbox/TechnoRadarFork/build-your-own-radar/src/models/blip.js
FN:1,(anonymous_1)
FN:7,(anonymous_2)
FN:11,(anonymous_3)
FN:15,(anonymous_4)
FN:19,(anonymous_5)
FN:23,(anonymous_6)
FN:27,(anonymous_7)
FN:31,(anonymous_8)
FNF:8
FNH:6
FNDA:33,(anonymous_1)
FNDA:1,(anonymous_2)
FNDA:0,(anonymous_3)
FNDA:0,(anonymous_4)
FNDA:2,(anonymous_5)
FNDA:15,(anonymous_6)
FNDA:10,(anonymous_7)
FNDA:21,(anonymous_8)
DA:1,1
DA:2,33
DA:4,33
DA:5,33
DA:7,33
DA:8,1
DA:11,33
DA:12,0
DA:15,33
DA:16,0
DA:19,33
DA:20,2
DA:23,33
DA:24,15
DA:27,33
DA:28,10
DA:31,33
DA:32,21
DA:35,33
DA:38,1
LF:20
LH:18
BRDA:12,1,0,0
BRDA:12,1,1,0
BRDA:16,2,0,0
BRDA:16,2,1,0
BRF:4
BRH:0
end_of_record
TN:
SF:/Users/seb/Dropbox/TechnoRadarFork/build-your-own-radar/src/models/radar.js
FN:10,(anonymous_1)
FN:23,setNumbers
FN:24,(anonymous_3)
FN:29,(anonymous_4)
FN:38,allQuadrants
FN:45,allBlips
FN:46,(anonymous_7)
FN:51,(anonymous_8)
FN:52,(anonymous_9)
FN:54,(anonymous_10)
FN:56,(anonymous_11)
FN:61,(anonymous_12)
FNF:12
FNH:12
FNDA:12,(anonymous_1)
FNDA:26,setNumbers
FNDA:20,(anonymous_3)
FNDA:27,(anonymous_4)
FNDA:4,allQuadrants
FNDA:4,allBlips
FNDA:12,(anonymous_7)
FNDA:4,(anonymous_8)
FNDA:8,(anonymous_9)
FNDA:6,(anonymous_10)
FNDA:6,(anonymous_11)
FNDA:16,(anonymous_12)
DA:1,1
DA:2,1
DA:4,1
DA:10,1
DA:11,12
DA:13,12
DA:14,12
DA:15,12
DA:21,12
DA:23,1
DA:24,26
DA:25,20
DA:29,12
DA:30,27
DA:31,1
DA:33,26
DA:34,26
DA:35,26
DA:38,1
DA:39,4
DA:40,1
DA:42,3
DA:45,1
DA:46,4
DA:47,12
DA:51,12
DA:52,4
DA:53,8
DA:55,6
DA:57,6
DA:61,12
DA:62,16
DA:65,12
DA:68,1
LF:34
LH:34
BRDA:30,1,0,1
BRDA:30,1,1,26
BRDA:39,2,0,1
BRDA:39,2,1,3
BRF:4
BRH:4
end_of_record
TN:
SF:/Users/seb/Dropbox/TechnoRadarFork/build-your-own-radar/src/exceptions/malformedDataError.js
FN:1,(anonymous_1)
FNF:1
FNH:1
FNDA:8,(anonymous_1)
DA:1,1
DA:2,8
DA:5,1
DA:6,1
DA:7,1
DA:8,1
DA:9,1
DA:11,1
LF:8
LH:8
BRF:0
BRH:0
end_of_record
TN:
SF:/Users/seb/Dropbox/TechnoRadarFork/build-your-own-radar/src/util/exceptionMessages.js
FNF:0
FNH:0
DA:1,1
DA:11,1
LF:2
LH:2
BRF:0
BRH:0
end_of_record
TN:
SF:/Users/seb/Dropbox/TechnoRadarFork/build-your-own-radar/src/util/contentValidator.js
FN:12,(anonymous_1)
FN:14,(anonymous_2)
FN:18,(anonymous_3)
FN:24,(anonymous_4)
FN:25,(anonymous_5)
FNF:5
FNH:5
FNDA:5,(anonymous_1)
FNDA:19,(anonymous_2)
FNDA:2,(anonymous_3)
FNDA:3,(anonymous_4)
FNDA:11,(anonymous_5)
DA:1,1
DA:8,1
DA:9,1
DA:12,1
DA:13,5
DA:14,5
DA:15,19
DA:18,5
DA:19,2
DA:20,1
DA:24,5
DA:25,3
DA:26,11
DA:27,1
DA:32,5
DA:35,1
LF:16
LH:16
BRDA:19,1,0,1
BRDA:19,1,1,1
BRDA:26,2,0,1
BRDA:26,2,1,10
BRF:4
BRH:4
end_of_record
TN:
SF:/Users/seb/Dropbox/TechnoRadarFork/build-your-own-radar/src/util/inputSanitizer.js
FN:6,(anonymous_1)
FN:18,(anonymous_2)
FN:23,trimWhiteSpaces
FN:25,(anonymous_4)
FN:32,(anonymous_5)
FNF:5
FNH:5
FNDA:1,(anonymous_1)
FNDA:11,(anonymous_2)
FNDA:2,trimWhiteSpaces
FNDA:7,(anonymous_4)
FNDA:2,(anonymous_5)
DA:1,1
DA:2,1
DA:6,1
DA:7,1
DA:15,1
DA:19,11
DA:23,1
DA:24,2
DA:25,2
DA:26,7
DA:28,2
DA:31,1
DA:32,1
DA:33,2
DA:34,2
DA:35,2
DA:36,2
DA:37,2
DA:38,2
DA:40,2
DA:43,1
DA:46,1
LF:22
LH:22
BRF:0
BRH:0
end_of_record
TN:
SF:/Users/seb/Dropbox/TechnoRadarFork/build-your-own-radar/src/util/sheet.js
FN:4,(anonymous_1)
FN:12,(anonymous_2)
FN:18,(anonymous_3)
FNF:3
FNH:1
FNDA:6,(anonymous_1)
FNDA:0,(anonymous_2)
FNDA:0,(anonymous_3)
DA:1,1
DA:2,1
DA:4,1
DA:5,6
DA:12,6
DA:13,0
DA:16,0
DA:17,0
DA:18,0
DA:19,0
DA:20,0
DA:21,0
DA:23,0
DA:27,0
DA:30,6
DA:33,1
LF:16
LH:7
BRDA:19,1,0,0
BRDA:19,1,1,0
BRDA:20,2,0,0
BRDA:20,2,1,0
BRF:4
BRH:0
end_of_record
TN:
SF:/Users/seb/Dropbox/TechnoRadarFork/build-your-own-radar/src/exceptions/sheetNotFoundError.js
FN:1,(anonymous_1)
FNF:1
FNH:0
FNDA:0,(anonymous_1)
DA:1,1
DA:2,0
DA:5,1
DA:6,1
DA:7,1
DA:8,1
DA:9,1
DA:11,1
LF:8
LH:7
BRF:0
BRH:0
end_of_record
TN:
SF:/Users/seb/Dropbox/TechnoRadarFork/build-your-own-radar/src/site.js
FNF:0
FNH:0
DA:1,0
DA:2,0
DA:3,0
DA:5,0
DA:7,0
DA:8,0
DA:10,0
DA:13,0
LF:8
LH:0
BRF:0
BRH:0
end_of_record
TN:
SF:/Users/seb/Dropbox/TechnoRadarFork/build-your-own-radar/src/util/factory.js
FN:20,(anonymous_1)
FN:24,(anonymous_2)
FN:38,(anonymous_3)
FN:69,createRadar
FN:91,(anonymous_5)
FN:97,(anonymous_6)
FN:111,(anonymous_7)
FN:124,getColumnNames
FN:141,getElements
FN:179,(anonymous_10)
FN:202,(anonymous_11)
FN:203,(anonymous_12)
FN:219,getFiles
FN:230,(anonymous_14)
FN:235,(anonymous_15)
FN:252,(anonymous_16)
FN:258,(anonymous_17)
FN:285,(anonymous_18)
FN:287,(anonymous_19)
FN:307,set_document_title
FN:311,plotLogo
FN:317,plotFooter
FN:327,plotVersionsList
FN:335,plotBanner
FNF:24
FNH:0
FNDA:0,(anonymous_1)
FNDA:0,(anonymous_2)
FNDA:0,(anonymous_3)
FNDA:0,createRadar
FNDA:0,(anonymous_5)
FNDA:0,(anonymous_6)
FNDA:0,(anonymous_7)
FNDA:0,getColumnNames
FNDA:0,getElements
FNDA:0,(anonymous_10)
FNDA:0,(anonymous_11)
FNDA:0,(anonymous_12)
FNDA:0,getFiles
FNDA:0,(anonymous_14)
FNDA:0,(anonymous_15)
FNDA:0,(anonymous_16)
FNDA:0,(anonymous_17)
FNDA:0,(anonymous_18)
FNDA:0,(anonymous_19)
FNDA:0,set_document_title
FNDA:0,plotLogo
FNDA:0,plotFooter
FNDA:0,plotVersionsList
FNDA:0,plotBanner
DA:1,0
DA:2,0
DA:9,0
DA:10,0
DA:11,0
DA:12,0
DA:13,0
DA:14,0
DA:15,0
DA:16,0
DA:17,0
DA:18,0
DA:20,0
DA:22,0
DA:24,0
DA:26,0
DA:28,0
DA:29,0
DA:32,0
DA:34,0
DA:35,0
DA:38,0
DA:39,0
DA:41,0
DA:44,0
DA:45,0
DA:47,0
DA:48,0
DA:51,0
DA:54,0
DA:56,0
DA:59,0
DA:61,0
DA:63,0
DA:67,0
DA:69,0
DA:71,0
DA:73,0
DA:75,0
DA:76,0
DA:77,0
DA:79,0
DA:82,0
DA:84,0
DA:85,0
DA:87,0
DA:88,0
DA:89,0
DA:91,0
DA:93,0
DA:96,0
DA:97,0
DA:98,0
DA:99,0
DA:102,0
DA:110,0
DA:111,0
DA:112,0
DA:115,0
DA:117,0
DA:120,0
DA:124,0
DA:125,0
DA:127,0
DA:128,0
DA:130,0
DA:131,0
DA:133,0
DA:134,0
DA:138,0
DA:141,0
DA:142,0
DA:144,0
DA:145,0
DA:148,0
DA:151,0
DA:153,0
DA:154,0
DA:155,0
DA:156,0
DA:157,0
DA:159,0
DA:160,0
DA:162,0
DA:164,0
DA:166,0
DA:167,0
DA:171,0
DA:175,0
DA:179,0
DA:180,0
DA:186,0
DA:188,0
DA:190,0
DA:191,0
DA:192,0
DA:195,0
DA:198,0
DA:202,0
DA:203,0
DA:204,0
DA:207,0
DA:209,0
DA:210,0
DA:211,0
DA:212,0
DA:214,0
DA:219,0
DA:220,0
DA:222,0
DA:223,0
DA:225,0
DA:226,0
DA:227,0
DA:228,0
DA:230,0
DA:231,0
DA:235,0
DA:236,0
DA:239,0
DA:242,0
DA:244,0
DA:252,0
DA:255,0
DA:258,0
DA:261,0
DA:262,0
DA:266,0
DA:267,0
DA:268,0
DA:271,0
DA:275,0
DA:277,0
DA:279,0
DA:281,0
DA:285,0
DA:286,0
DA:287,0
DA:288,0
DA:291,0
DA:293,0
DA:295,0
DA:297,0
DA:304,0
DA:307,0
DA:308,0
DA:311,0
DA:312,0
DA:317,0
DA:318,0
DA:327,0
DA:328,0
DA:335,0
DA:338,0
DA:346,0
LF:155
LH:0
BRDA:28,1,0,0
BRDA:28,1,1,0
BRDA:98,2,0,0
BRDA:98,2,1,0
BRDA:115,3,0,0
BRDA:115,3,1,0
BRDA:133,4,0,0
BRDA:133,4,1,0
BRDA:166,5,0,0
BRDA:166,5,1,0
BRDA:266,6,0,0
BRDA:266,6,1,0
BRF:12
BRH:0
end_of_record
